0 info it worked if it ends with ok
1 verbose cli [ 'C:\\Program Files\\nodejs\\node.exe',
1 verbose cli   'C:\\Program Files\\nodejs\\node_modules\\npm\\bin\\npm-cli.js',
1 verbose cli   'install' ]
2 info using npm@3.10.10
3 info using node@v7.3.0
4 silly loadCurrentTree Starting
5 silly install loadCurrentTree
6 silly install readLocalPackageData
7 silly install normalizeTree
8 silly loadCurrentTree Finishing
9 silly loadIdealTree Starting
10 silly install loadIdealTree
11 silly cloneCurrentTree Starting
12 silly install cloneCurrentTreeToIdealTree
13 silly cloneCurrentTree Finishing
14 silly loadShrinkwrap Starting
15 silly install loadShrinkwrap
16 silly loadShrinkwrap Finishing
17 silly loadAllDepsIntoIdealTree Starting
18 silly install loadAllDepsIntoIdealTree
19 silly fetchNamedPackageData chalk
20 silly mapToRegistry name chalk
21 silly mapToRegistry using default registry
22 silly mapToRegistry registry http://registry.npmjs.org/
23 silly mapToRegistry data Result {
23 silly mapToRegistry   raw: 'chalk',
23 silly mapToRegistry   scope: null,
23 silly mapToRegistry   escapedName: 'chalk',
23 silly mapToRegistry   name: 'chalk',
23 silly mapToRegistry   rawSpec: '',
23 silly mapToRegistry   spec: 'latest',
23 silly mapToRegistry   type: 'tag' }
24 silly mapToRegistry uri http://registry.npmjs.org/chalk
25 silly fetchNamedPackageData del
26 silly mapToRegistry name del
27 silly mapToRegistry using default registry
28 silly mapToRegistry registry http://registry.npmjs.org/
29 silly mapToRegistry data Result {
29 silly mapToRegistry   raw: 'del',
29 silly mapToRegistry   scope: null,
29 silly mapToRegistry   escapedName: 'del',
29 silly mapToRegistry   name: 'del',
29 silly mapToRegistry   rawSpec: '',
29 silly mapToRegistry   spec: 'latest',
29 silly mapToRegistry   type: 'tag' }
30 silly mapToRegistry uri http://registry.npmjs.org/del
31 silly fetchNamedPackageData gulp
32 silly mapToRegistry name gulp
33 silly mapToRegistry using default registry
34 silly mapToRegistry registry http://registry.npmjs.org/
35 silly mapToRegistry data Result {
35 silly mapToRegistry   raw: 'gulp',
35 silly mapToRegistry   scope: null,
35 silly mapToRegistry   escapedName: 'gulp',
35 silly mapToRegistry   name: 'gulp',
35 silly mapToRegistry   rawSpec: '',
35 silly mapToRegistry   spec: 'latest',
35 silly mapToRegistry   type: 'tag' }
36 silly mapToRegistry uri http://registry.npmjs.org/gulp
37 silly fetchNamedPackageData gulp-load-plugins
38 silly mapToRegistry name gulp-load-plugins
39 silly mapToRegistry using default registry
40 silly mapToRegistry registry http://registry.npmjs.org/
41 silly mapToRegistry data Result {
41 silly mapToRegistry   raw: 'gulp-load-plugins',
41 silly mapToRegistry   scope: null,
41 silly mapToRegistry   escapedName: 'gulp-load-plugins',
41 silly mapToRegistry   name: 'gulp-load-plugins',
41 silly mapToRegistry   rawSpec: '',
41 silly mapToRegistry   spec: 'latest',
41 silly mapToRegistry   type: 'tag' }
42 silly mapToRegistry uri http://registry.npmjs.org/gulp-load-plugins
43 silly fetchNamedPackageData gulp-clean-css
44 silly mapToRegistry name gulp-clean-css
45 silly mapToRegistry using default registry
46 silly mapToRegistry registry http://registry.npmjs.org/
47 silly mapToRegistry data Result {
47 silly mapToRegistry   raw: 'gulp-clean-css',
47 silly mapToRegistry   scope: null,
47 silly mapToRegistry   escapedName: 'gulp-clean-css',
47 silly mapToRegistry   name: 'gulp-clean-css',
47 silly mapToRegistry   rawSpec: '',
47 silly mapToRegistry   spec: 'latest',
47 silly mapToRegistry   type: 'tag' }
48 silly mapToRegistry uri http://registry.npmjs.org/gulp-clean-css
49 silly fetchNamedPackageData gulp-replace
50 silly mapToRegistry name gulp-replace
51 silly mapToRegistry using default registry
52 silly mapToRegistry registry http://registry.npmjs.org/
53 silly mapToRegistry data Result {
53 silly mapToRegistry   raw: 'gulp-replace',
53 silly mapToRegistry   scope: null,
53 silly mapToRegistry   escapedName: 'gulp-replace',
53 silly mapToRegistry   name: 'gulp-replace',
53 silly mapToRegistry   rawSpec: '',
53 silly mapToRegistry   spec: 'latest',
53 silly mapToRegistry   type: 'tag' }
54 silly mapToRegistry uri http://registry.npmjs.org/gulp-replace
55 silly fetchNamedPackageData yargs
56 silly mapToRegistry name yargs
57 silly mapToRegistry using default registry
58 silly mapToRegistry registry http://registry.npmjs.org/
59 silly mapToRegistry data Result {
59 silly mapToRegistry   raw: 'yargs',
59 silly mapToRegistry   scope: null,
59 silly mapToRegistry   escapedName: 'yargs',
59 silly mapToRegistry   name: 'yargs',
59 silly mapToRegistry   rawSpec: '',
59 silly mapToRegistry   spec: 'latest',
59 silly mapToRegistry   type: 'tag' }
60 silly mapToRegistry uri http://registry.npmjs.org/yargs
61 silly fetchNamedPackageData gulp-task-listing
62 silly mapToRegistry name gulp-task-listing
63 silly mapToRegistry using default registry
64 silly mapToRegistry registry http://registry.npmjs.org/
65 silly mapToRegistry data Result {
65 silly mapToRegistry   raw: 'gulp-task-listing',
65 silly mapToRegistry   scope: null,
65 silly mapToRegistry   escapedName: 'gulp-task-listing',
65 silly mapToRegistry   name: 'gulp-task-listing',
65 silly mapToRegistry   rawSpec: '',
65 silly mapToRegistry   spec: 'latest',
65 silly mapToRegistry   type: 'tag' }
66 silly mapToRegistry uri http://registry.npmjs.org/gulp-task-listing
67 silly fetchNamedPackageData gulp-uglify
68 silly mapToRegistry name gulp-uglify
69 silly mapToRegistry using default registry
70 silly mapToRegistry registry http://registry.npmjs.org/
71 silly mapToRegistry data Result {
71 silly mapToRegistry   raw: 'gulp-uglify',
71 silly mapToRegistry   scope: null,
71 silly mapToRegistry   escapedName: 'gulp-uglify',
71 silly mapToRegistry   name: 'gulp-uglify',
71 silly mapToRegistry   rawSpec: '',
71 silly mapToRegistry   spec: 'latest',
71 silly mapToRegistry   type: 'tag' }
72 silly mapToRegistry uri http://registry.npmjs.org/gulp-uglify
73 silly fetchNamedPackageData gulp-webserver
74 silly mapToRegistry name gulp-webserver
75 silly mapToRegistry using default registry
76 silly mapToRegistry registry http://registry.npmjs.org/
77 silly mapToRegistry data Result {
77 silly mapToRegistry   raw: 'gulp-webserver',
77 silly mapToRegistry   scope: null,
77 silly mapToRegistry   escapedName: 'gulp-webserver',
77 silly mapToRegistry   name: 'gulp-webserver',
77 silly mapToRegistry   rawSpec: '',
77 silly mapToRegistry   spec: 'latest',
77 silly mapToRegistry   type: 'tag' }
78 silly mapToRegistry uri http://registry.npmjs.org/gulp-webserver
79 silly fetchNamedPackageData minimist
80 silly mapToRegistry name minimist
81 silly mapToRegistry using default registry
82 silly mapToRegistry registry http://registry.npmjs.org/
83 silly mapToRegistry data Result {
83 silly mapToRegistry   raw: 'minimist',
83 silly mapToRegistry   scope: null,
83 silly mapToRegistry   escapedName: 'minimist',
83 silly mapToRegistry   name: 'minimist',
83 silly mapToRegistry   rawSpec: '',
83 silly mapToRegistry   spec: 'latest',
83 silly mapToRegistry   type: 'tag' }
84 silly mapToRegistry uri http://registry.npmjs.org/minimist
85 silly fetchNamedPackageData run-sequence
86 silly mapToRegistry name run-sequence
87 silly mapToRegistry using default registry
88 silly mapToRegistry registry http://registry.npmjs.org/
89 silly mapToRegistry data Result {
89 silly mapToRegistry   raw: 'run-sequence',
89 silly mapToRegistry   scope: null,
89 silly mapToRegistry   escapedName: 'run-sequence',
89 silly mapToRegistry   name: 'run-sequence',
89 silly mapToRegistry   rawSpec: '',
89 silly mapToRegistry   spec: 'latest',
89 silly mapToRegistry   type: 'tag' }
90 silly mapToRegistry uri http://registry.npmjs.org/run-sequence
91 silly fetchNamedPackageData xml2js
92 silly mapToRegistry name xml2js
93 silly mapToRegistry using default registry
94 silly mapToRegistry registry http://registry.npmjs.org/
95 silly mapToRegistry data Result {
95 silly mapToRegistry   raw: 'xml2js',
95 silly mapToRegistry   scope: null,
95 silly mapToRegistry   escapedName: 'xml2js',
95 silly mapToRegistry   name: 'xml2js',
95 silly mapToRegistry   rawSpec: '',
95 silly mapToRegistry   spec: 'latest',
95 silly mapToRegistry   type: 'tag' }
96 silly mapToRegistry uri http://registry.npmjs.org/xml2js
97 silly fetchOtherPackageData xmllint@git+https://github.com/kripken/xml.js.git
98 silly cache add args [ 'xmllint@git+https://github.com/kripken/xml.js.git', null ]
99 verbose cache add spec xmllint@git+https://github.com/kripken/xml.js.git
100 verbose request uri http://registry.npmjs.org/gulp-clean-css
101 verbose request no auth needed
102 info attempt registry request try #1 at 11:01:13 PM
103 verbose request id cd11a3f373fdd7bd
104 http request GET http://registry.npmjs.org/gulp-clean-css
105 verbose request uri http://registry.npmjs.org/gulp-load-plugins
106 verbose request no auth needed
107 info attempt registry request try #1 at 11:01:13 PM
108 http request GET http://registry.npmjs.org/gulp-load-plugins
109 verbose request uri http://registry.npmjs.org/gulp-replace
110 verbose request no auth needed
111 info attempt registry request try #1 at 11:01:13 PM
112 http request GET http://registry.npmjs.org/gulp-replace
113 verbose request uri http://registry.npmjs.org/gulp-task-listing
114 verbose request no auth needed
115 info attempt registry request try #1 at 11:01:14 PM
116 http request GET http://registry.npmjs.org/gulp-task-listing
117 verbose request uri http://registry.npmjs.org/run-sequence
118 verbose request no auth needed
119 info attempt registry request try #1 at 11:01:14 PM
120 http request GET http://registry.npmjs.org/run-sequence
121 verbose request uri http://registry.npmjs.org/gulp-webserver
122 verbose request no auth needed
123 info attempt registry request try #1 at 11:01:14 PM
124 http request GET http://registry.npmjs.org/gulp-webserver
125 silly cache add parsed spec Result {
125 silly cache add   raw: 'xmllint@git+https://github.com/kripken/xml.js.git',
125 silly cache add   scope: null,
125 silly cache add   escapedName: 'xmllint',
125 silly cache add   name: 'xmllint',
125 silly cache add   rawSpec: 'git+https://github.com/kripken/xml.js.git',
125 silly cache add   spec: 'git+https://github.com/kripken/xml.js.git',
125 silly cache add   type: 'hosted',
125 silly cache add   hosted:
125 silly cache add    { type: 'github',
125 silly cache add      ssh: 'git@github.com:kripken/xml.js.git',
125 silly cache add      sshUrl: 'git+ssh://git@github.com/kripken/xml.js.git',
125 silly cache add      httpsUrl: 'git+https://github.com/kripken/xml.js.git',
125 silly cache add      gitUrl: 'git://github.com/kripken/xml.js.git',
125 silly cache add      shortcut: 'github:kripken/xml.js',
125 silly cache add      directUrl: 'https://raw.githubusercontent.com/kripken/xml.js/master/package.json' } }
126 verbose addRemoteGit caching git+https://github.com/kripken/xml.js.git
127 verbose addRemoteGit git+https://github.com/kripken/xml.js.git is a repository hosted by github
128 silly tryClone cloning git+https://github.com/kripken/xml.js.git via git+https://github.com/kripken/xml.js.git
129 verbose tryClone git-https-github-com-kripken-xml-js-git-1dc4d0a4 not in flight; caching
130 verbose correctMkdir C:\Users\Programming PC\AppData\Roaming\npm-cache\_git-remotes correctMkdir not in flight; initializing
131 verbose request uri http://registry.npmjs.org/chalk
132 verbose request no auth needed
133 info attempt registry request try #1 at 11:01:14 PM
134 verbose etag W/"588dad6f-8475"
135 verbose lastModified Sun, 29 Jan 2017 08:53:03 GMT
136 http request GET http://registry.npmjs.org/chalk
137 verbose request uri http://registry.npmjs.org/del
138 verbose request no auth needed
139 info attempt registry request try #1 at 11:01:14 PM
140 verbose etag "2MWUP05DLEEO24S04BBPQHHHP"
141 http request GET http://registry.npmjs.org/del
142 verbose request uri http://registry.npmjs.org/minimist
143 verbose request no auth needed
144 info attempt registry request try #1 at 11:01:14 PM
145 verbose etag W/"588dd0e9-7365"
146 verbose lastModified Sun, 29 Jan 2017 11:24:25 GMT
147 http request GET http://registry.npmjs.org/minimist
148 verbose request uri http://registry.npmjs.org/xml2js
149 verbose request no auth needed
150 info attempt registry request try #1 at 11:01:14 PM
151 verbose etag W/"588fa69a-1e96b"
152 verbose lastModified Mon, 30 Jan 2017 20:48:26 GMT
153 http request GET http://registry.npmjs.org/xml2js
154 http 304 http://registry.npmjs.org/chalk
155 verbose headers { date: 'Tue, 31 Jan 2017 04:01:19 GMT',
155 verbose headers   via: '1.1 varnish',
155 verbose headers   'cache-control': 'max-age=300',
155 verbose headers   etag: 'W/"588dad6f-8475"',
155 verbose headers   age: '79',
155 verbose headers   connection: 'keep-alive',
155 verbose headers   'x-served-by': 'cache-jfk8151-JFK',
155 verbose headers   'x-cache': 'HIT',
155 verbose headers   'x-cache-hits': '2',
155 verbose headers   'x-timer': 'S1485835279.181508,VS0,VE0',
155 verbose headers   vary: 'Accept-Encoding' }
156 silly get cb [ 304,
156 silly get   { date: 'Tue, 31 Jan 2017 04:01:19 GMT',
156 silly get     via: '1.1 varnish',
156 silly get     'cache-control': 'max-age=300',
156 silly get     etag: 'W/"588dad6f-8475"',
156 silly get     age: '79',
156 silly get     connection: 'keep-alive',
156 silly get     'x-served-by': 'cache-jfk8151-JFK',
156 silly get     'x-cache': 'HIT',
156 silly get     'x-cache-hits': '2',
156 silly get     'x-timer': 'S1485835279.181508,VS0,VE0',
156 silly get     vary: 'Accept-Encoding' } ]
157 verbose etag http://registry.npmjs.org/chalk from cache
158 verbose get saving chalk to C:\Users\Programming PC\AppData\Roaming\npm-cache\registry.npmjs.org\chalk\.cache.json
159 verbose correctMkdir C:\Users\Programming PC\AppData\Roaming\npm-cache correctMkdir not in flight; initializing
160 http 200 http://registry.npmjs.org/run-sequence
161 verbose headers { server: 'nginx/1.10.1',
161 verbose headers   'content-type': 'application/json',
161 verbose headers   'last-modified': 'Sun, 22 Jan 2017 22:49:09 GMT',
161 verbose headers   etag: 'W/"588536e5-78fc"',
161 verbose headers   'content-encoding': 'gzip',
161 verbose headers   'cache-control': 'max-age=300',
161 verbose headers   'content-length': '5801',
161 verbose headers   'accept-ranges': 'bytes',
161 verbose headers   date: 'Tue, 31 Jan 2017 04:01:19 GMT',
161 verbose headers   via: '1.1 varnish',
161 verbose headers   age: '50',
161 verbose headers   connection: 'keep-alive',
161 verbose headers   'x-served-by': 'cache-jfk8121-JFK',
161 verbose headers   'x-cache': 'HIT',
161 verbose headers   'x-cache-hits': '1',
161 verbose headers   'x-timer': 'S1485835279.153325,VS0,VE0',
161 verbose headers   vary: 'Accept-Encoding' }
162 silly get cb [ 200,
162 silly get   { server: 'nginx/1.10.1',
162 silly get     'content-type': 'application/json',
162 silly get     'last-modified': 'Sun, 22 Jan 2017 22:49:09 GMT',
162 silly get     etag: 'W/"588536e5-78fc"',
162 silly get     'content-encoding': 'gzip',
162 silly get     'cache-control': 'max-age=300',
162 silly get     'content-length': '5801',
162 silly get     'accept-ranges': 'bytes',
162 silly get     date: 'Tue, 31 Jan 2017 04:01:19 GMT',
162 silly get     via: '1.1 varnish',
162 silly get     age: '50',
162 silly get     connection: 'keep-alive',
162 silly get     'x-served-by': 'cache-jfk8121-JFK',
162 silly get     'x-cache': 'HIT',
162 silly get     'x-cache-hits': '1',
162 silly get     'x-timer': 'S1485835279.153325,VS0,VE0',
162 silly get     vary: 'Accept-Encoding' } ]
163 verbose get saving run-sequence to C:\Users\Programming PC\AppData\Roaming\npm-cache\registry.npmjs.org\run-sequence\.cache.json
164 verbose correctMkdir C:\Users\Programming PC\AppData\Roaming\npm-cache correctMkdir already in flight; waiting
165 http 200 http://registry.npmjs.org/gulp-task-listing
166 verbose headers { server: 'nginx/1.10.1',
166 verbose headers   'content-type': 'application/json',
166 verbose headers   'last-modified': 'Mon, 09 Jan 2017 07:09:06 GMT',
166 verbose headers   etag: 'W/"58733712-32a4"',
166 verbose headers   'content-encoding': 'gzip',
166 verbose headers   'cache-control': 'max-age=300',
166 verbose headers   'content-length': '2830',
166 verbose headers   'accept-ranges': 'bytes',
166 verbose headers   date: 'Tue, 31 Jan 2017 04:01:19 GMT',
166 verbose headers   via: '1.1 varnish',
166 verbose headers   age: '0',
166 verbose headers   connection: 'keep-alive',
166 verbose headers   'x-served-by': 'cache-jfk8147-JFK',
166 verbose headers   'x-cache': 'HIT',
166 verbose headers   'x-cache-hits': '1',
166 verbose headers   'x-timer': 'S1485835279.153183,VS0,VE7',
166 verbose headers   vary: 'Accept-Encoding' }
167 silly get cb [ 200,
167 silly get   { server: 'nginx/1.10.1',
167 silly get     'content-type': 'application/json',
167 silly get     'last-modified': 'Mon, 09 Jan 2017 07:09:06 GMT',
167 silly get     etag: 'W/"58733712-32a4"',
167 silly get     'content-encoding': 'gzip',
167 silly get     'cache-control': 'max-age=300',
167 silly get     'content-length': '2830',
167 silly get     'accept-ranges': 'bytes',
167 silly get     date: 'Tue, 31 Jan 2017 04:01:19 GMT',
167 silly get     via: '1.1 varnish',
167 silly get     age: '0',
167 silly get     connection: 'keep-alive',
167 silly get     'x-served-by': 'cache-jfk8147-JFK',
167 silly get     'x-cache': 'HIT',
167 silly get     'x-cache-hits': '1',
167 silly get     'x-timer': 'S1485835279.153183,VS0,VE7',
167 silly get     vary: 'Accept-Encoding' } ]
168 verbose get saving gulp-task-listing to C:\Users\Programming PC\AppData\Roaming\npm-cache\registry.npmjs.org\gulp-task-listing\.cache.json
169 verbose correctMkdir C:\Users\Programming PC\AppData\Roaming\npm-cache correctMkdir already in flight; waiting
170 http 304 http://registry.npmjs.org/minimist
171 verbose headers { date: 'Tue, 31 Jan 2017 04:01:19 GMT',
171 verbose headers   via: '1.1 varnish',
171 verbose headers   'cache-control': 'max-age=300',
171 verbose headers   etag: 'W/"588dd0e9-7365"',
171 verbose headers   age: '276',
171 verbose headers   connection: 'keep-alive',
171 verbose headers   'x-served-by': 'cache-jfk8147-JFK',
171 verbose headers   'x-cache': 'HIT',
171 verbose headers   'x-cache-hits': '11',
171 verbose headers   'x-timer': 'S1485835279.216416,VS0,VE0',
171 verbose headers   vary: 'Accept-Encoding' }
172 silly get cb [ 304,
172 silly get   { date: 'Tue, 31 Jan 2017 04:01:19 GMT',
172 silly get     via: '1.1 varnish',
172 silly get     'cache-control': 'max-age=300',
172 silly get     etag: 'W/"588dd0e9-7365"',
172 silly get     age: '276',
172 silly get     connection: 'keep-alive',
172 silly get     'x-served-by': 'cache-jfk8147-JFK',
172 silly get     'x-cache': 'HIT',
172 silly get     'x-cache-hits': '11',
172 silly get     'x-timer': 'S1485835279.216416,VS0,VE0',
172 silly get     vary: 'Accept-Encoding' } ]
173 verbose etag http://registry.npmjs.org/minimist from cache
174 verbose get saving minimist to C:\Users\Programming PC\AppData\Roaming\npm-cache\registry.npmjs.org\minimist\.cache.json
175 verbose correctMkdir C:\Users\Programming PC\AppData\Roaming\npm-cache correctMkdir not in flight; initializing
176 http 200 http://registry.npmjs.org/gulp-replace
177 verbose headers { server: 'nginx/1.10.1',
177 verbose headers   'content-type': 'application/json',
177 verbose headers   'last-modified': 'Fri, 13 Jan 2017 04:06:52 GMT',
177 verbose headers   etag: 'W/"5878525c-371f"',
177 verbose headers   'content-encoding': 'gzip',
177 verbose headers   'cache-control': 'max-age=300',
177 verbose headers   'content-length': '3098',
177 verbose headers   'accept-ranges': 'bytes',
177 verbose headers   date: 'Tue, 31 Jan 2017 04:01:19 GMT',
177 verbose headers   via: '1.1 varnish',
177 verbose headers   age: '0',
177 verbose headers   connection: 'keep-alive',
177 verbose headers   'x-served-by': 'cache-jfk8136-JFK',
177 verbose headers   'x-cache': 'HIT',
177 verbose headers   'x-cache-hits': '1',
177 verbose headers   'x-timer': 'S1485835279.114251,VS0,VE66',
177 verbose headers   vary: 'Accept-Encoding' }
178 silly get cb [ 200,
178 silly get   { server: 'nginx/1.10.1',
178 silly get     'content-type': 'application/json',
178 silly get     'last-modified': 'Fri, 13 Jan 2017 04:06:52 GMT',
178 silly get     etag: 'W/"5878525c-371f"',
178 silly get     'content-encoding': 'gzip',
178 silly get     'cache-control': 'max-age=300',
178 silly get     'content-length': '3098',
178 silly get     'accept-ranges': 'bytes',
178 silly get     date: 'Tue, 31 Jan 2017 04:01:19 GMT',
178 silly get     via: '1.1 varnish',
178 silly get     age: '0',
178 silly get     connection: 'keep-alive',
178 silly get     'x-served-by': 'cache-jfk8136-JFK',
178 silly get     'x-cache': 'HIT',
178 silly get     'x-cache-hits': '1',
178 silly get     'x-timer': 'S1485835279.114251,VS0,VE66',
178 silly get     vary: 'Accept-Encoding' } ]
179 verbose get saving gulp-replace to C:\Users\Programming PC\AppData\Roaming\npm-cache\registry.npmjs.org\gulp-replace\.cache.json
180 verbose correctMkdir C:\Users\Programming PC\AppData\Roaming\npm-cache correctMkdir not in flight; initializing
181 http 200 http://registry.npmjs.org/gulp-load-plugins
182 verbose headers { server: 'nginx/1.10.1',
182 verbose headers   'content-type': 'application/json',
182 verbose headers   'last-modified': 'Thu, 19 Jan 2017 13:11:41 GMT',
182 verbose headers   etag: 'W/"5880bb0d-cf5d"',
182 verbose headers   'content-encoding': 'gzip',
182 verbose headers   'cache-control': 'max-age=300',
182 verbose headers   'content-length': '9259',
182 verbose headers   'accept-ranges': 'bytes',
182 verbose headers   date: 'Tue, 31 Jan 2017 04:01:19 GMT',
182 verbose headers   via: '1.1 varnish',
182 verbose headers   age: '130',
182 verbose headers   connection: 'keep-alive',
182 verbose headers   'x-served-by': 'cache-jfk8151-JFK',
182 verbose headers   'x-cache': 'HIT',
182 verbose headers   'x-cache-hits': '1',
182 verbose headers   'x-timer': 'S1485835279.113413,VS0,VE0',
182 verbose headers   vary: 'Accept-Encoding' }
183 silly get cb [ 200,
183 silly get   { server: 'nginx/1.10.1',
183 silly get     'content-type': 'application/json',
183 silly get     'last-modified': 'Thu, 19 Jan 2017 13:11:41 GMT',
183 silly get     etag: 'W/"5880bb0d-cf5d"',
183 silly get     'content-encoding': 'gzip',
183 silly get     'cache-control': 'max-age=300',
183 silly get     'content-length': '9259',
183 silly get     'accept-ranges': 'bytes',
183 silly get     date: 'Tue, 31 Jan 2017 04:01:19 GMT',
183 silly get     via: '1.1 varnish',
183 silly get     age: '130',
183 silly get     connection: 'keep-alive',
183 silly get     'x-served-by': 'cache-jfk8151-JFK',
183 silly get     'x-cache': 'HIT',
183 silly get     'x-cache-hits': '1',
183 silly get     'x-timer': 'S1485835279.113413,VS0,VE0',
183 silly get     vary: 'Accept-Encoding' } ]
184 verbose get saving gulp-load-plugins to C:\Users\Programming PC\AppData\Roaming\npm-cache\registry.npmjs.org\gulp-load-plugins\.cache.json
185 verbose correctMkdir C:\Users\Programming PC\AppData\Roaming\npm-cache correctMkdir not in flight; initializing
186 verbose request uri http://registry.npmjs.org/gulp-uglify
187 verbose request no auth needed
188 info attempt registry request try #1 at 11:01:14 PM
189 verbose etag "DI6MJAEAL2B55TV35P5GMFV2O"
190 http request GET http://registry.npmjs.org/gulp-uglify
191 verbose request uri http://registry.npmjs.org/gulp
192 verbose request no auth needed
193 info attempt registry request try #1 at 11:01:14 PM
194 verbose etag "B58CO6IT090ZFT2KRQQBGJWSB"
195 http request GET http://registry.npmjs.org/gulp
196 verbose request uri http://registry.npmjs.org/yargs
197 verbose request no auth needed
198 info attempt registry request try #1 at 11:01:14 PM
199 verbose etag "D0TVBK2X2L4VKDGP3R3GPG0L9"
200 http request GET http://registry.npmjs.org/yargs
201 http 200 http://registry.npmjs.org/del
202 verbose headers { server: 'nginx/1.10.1',
202 verbose headers   'content-type': 'application/json',
202 verbose headers   'last-modified': 'Mon, 30 Jan 2017 19:59:10 GMT',
202 verbose headers   etag: 'W/"588f9b0e-72a2"',
202 verbose headers   'content-encoding': 'gzip',
202 verbose headers   'cache-control': 'max-age=300',
202 verbose headers   'content-length': '5296',
202 verbose headers   'accept-ranges': 'bytes',
202 verbose headers   date: 'Tue, 31 Jan 2017 04:01:19 GMT',
202 verbose headers   via: '1.1 varnish',
202 verbose headers   age: '115',
202 verbose headers   connection: 'keep-alive',
202 verbose headers   'x-served-by': 'cache-jfk8121-JFK',
202 verbose headers   'x-cache': 'HIT',
202 verbose headers   'x-cache-hits': '1',
202 verbose headers   'x-timer': 'S1485835279.181899,VS0,VE0',
202 verbose headers   vary: 'Accept-Encoding' }
203 silly get cb [ 200,
203 silly get   { server: 'nginx/1.10.1',
203 silly get     'content-type': 'application/json',
203 silly get     'last-modified': 'Mon, 30 Jan 2017 19:59:10 GMT',
203 silly get     etag: 'W/"588f9b0e-72a2"',
203 silly get     'content-encoding': 'gzip',
203 silly get     'cache-control': 'max-age=300',
203 silly get     'content-length': '5296',
203 silly get     'accept-ranges': 'bytes',
203 silly get     date: 'Tue, 31 Jan 2017 04:01:19 GMT',
203 silly get     via: '1.1 varnish',
203 silly get     age: '115',
203 silly get     connection: 'keep-alive',
203 silly get     'x-served-by': 'cache-jfk8121-JFK',
203 silly get     'x-cache': 'HIT',
203 silly get     'x-cache-hits': '1',
203 silly get     'x-timer': 'S1485835279.181899,VS0,VE0',
203 silly get     vary: 'Accept-Encoding' } ]
204 verbose get saving del to C:\Users\Programming PC\AppData\Roaming\npm-cache\registry.npmjs.org\del\.cache.json
205 verbose correctMkdir C:\Users\Programming PC\AppData\Roaming\npm-cache correctMkdir not in flight; initializing
206 http 304 http://registry.npmjs.org/xml2js
207 verbose headers { date: 'Tue, 31 Jan 2017 04:01:19 GMT',
207 verbose headers   via: '1.1 varnish',
207 verbose headers   'cache-control': 'max-age=300',
207 verbose headers   etag: 'W/"588fa69a-1e96b"',
207 verbose headers   age: '263',
207 verbose headers   connection: 'keep-alive',
207 verbose headers   'x-served-by': 'cache-jfk8126-JFK',
207 verbose headers   'x-cache': 'HIT',
207 verbose headers   'x-cache-hits': '1',
207 verbose headers   'x-timer': 'S1485835279.263756,VS0,VE0',
207 verbose headers   vary: 'Accept-Encoding' }
208 silly get cb [ 304,
208 silly get   { date: 'Tue, 31 Jan 2017 04:01:19 GMT',
208 silly get     via: '1.1 varnish',
208 silly get     'cache-control': 'max-age=300',
208 silly get     etag: 'W/"588fa69a-1e96b"',
208 silly get     age: '263',
208 silly get     connection: 'keep-alive',
208 silly get     'x-served-by': 'cache-jfk8126-JFK',
208 silly get     'x-cache': 'HIT',
208 silly get     'x-cache-hits': '1',
208 silly get     'x-timer': 'S1485835279.263756,VS0,VE0',
208 silly get     vary: 'Accept-Encoding' } ]
209 verbose etag http://registry.npmjs.org/xml2js from cache
210 verbose get saving xml2js to C:\Users\Programming PC\AppData\Roaming\npm-cache\registry.npmjs.org\xml2js\.cache.json
211 verbose correctMkdir C:\Users\Programming PC\AppData\Roaming\npm-cache correctMkdir not in flight; initializing
212 http 200 http://registry.npmjs.org/gulp-clean-css
213 verbose headers { server: 'nginx/1.10.1',
213 verbose headers   'content-type': 'application/json',
213 verbose headers   'last-modified': 'Mon, 30 Jan 2017 14:24:29 GMT',
213 verbose headers   etag: 'W/"588f4c9d-c31c"',
213 verbose headers   'content-encoding': 'gzip',
213 verbose headers   'cache-control': 'max-age=300',
213 verbose headers   'content-length': '6350',
213 verbose headers   'accept-ranges': 'bytes',
213 verbose headers   date: 'Tue, 31 Jan 2017 04:01:19 GMT',
213 verbose headers   via: '1.1 varnish',
213 verbose headers   age: '0',
213 verbose headers   connection: 'keep-alive',
213 verbose headers   'x-served-by': 'cache-jfk8140-JFK',
213 verbose headers   'x-cache': 'HIT',
213 verbose headers   'x-cache-hits': '1',
213 verbose headers   'x-timer': 'S1485835279.114344,VS0,VE66',
213 verbose headers   vary: 'Accept-Encoding' }
214 silly get cb [ 200,
214 silly get   { server: 'nginx/1.10.1',
214 silly get     'content-type': 'application/json',
214 silly get     'last-modified': 'Mon, 30 Jan 2017 14:24:29 GMT',
214 silly get     etag: 'W/"588f4c9d-c31c"',
214 silly get     'content-encoding': 'gzip',
214 silly get     'cache-control': 'max-age=300',
214 silly get     'content-length': '6350',
214 silly get     'accept-ranges': 'bytes',
214 silly get     date: 'Tue, 31 Jan 2017 04:01:19 GMT',
214 silly get     via: '1.1 varnish',
214 silly get     age: '0',
214 silly get     connection: 'keep-alive',
214 silly get     'x-served-by': 'cache-jfk8140-JFK',
214 silly get     'x-cache': 'HIT',
214 silly get     'x-cache-hits': '1',
214 silly get     'x-timer': 'S1485835279.114344,VS0,VE66',
214 silly get     vary: 'Accept-Encoding' } ]
215 verbose get saving gulp-clean-css to C:\Users\Programming PC\AppData\Roaming\npm-cache\registry.npmjs.org\gulp-clean-css\.cache.json
216 verbose correctMkdir C:\Users\Programming PC\AppData\Roaming\npm-cache correctMkdir not in flight; initializing
217 http 200 http://registry.npmjs.org/gulp-webserver
218 verbose headers { server: 'nginx/1.10.1',
218 verbose headers   'content-type': 'application/json',
218 verbose headers   'last-modified': 'Thu, 22 Dec 2016 02:49:06 GMT',
218 verbose headers   etag: 'W/"585b3f22-9b56"',
218 verbose headers   'content-encoding': 'gzip',
218 verbose headers   'cache-control': 'max-age=300',
218 verbose headers   'content-length': '5303',
218 verbose headers   'accept-ranges': 'bytes',
218 verbose headers   date: 'Tue, 31 Jan 2017 04:01:19 GMT',
218 verbose headers   via: '1.1 varnish',
218 verbose headers   age: '0',
218 verbose headers   connection: 'keep-alive',
218 verbose headers   'x-served-by': 'cache-jfk8133-JFK',
218 verbose headers   'x-cache': 'HIT',
218 verbose headers   'x-cache-hits': '1',
218 verbose headers   'x-timer': 'S1485835279.162280,VS0,VE67',
218 verbose headers   vary: 'Accept-Encoding' }
219 silly get cb [ 200,
219 silly get   { server: 'nginx/1.10.1',
219 silly get     'content-type': 'application/json',
219 silly get     'last-modified': 'Thu, 22 Dec 2016 02:49:06 GMT',
219 silly get     etag: 'W/"585b3f22-9b56"',
219 silly get     'content-encoding': 'gzip',
219 silly get     'cache-control': 'max-age=300',
219 silly get     'content-length': '5303',
219 silly get     'accept-ranges': 'bytes',
219 silly get     date: 'Tue, 31 Jan 2017 04:01:19 GMT',
219 silly get     via: '1.1 varnish',
219 silly get     age: '0',
219 silly get     connection: 'keep-alive',
219 silly get     'x-served-by': 'cache-jfk8133-JFK',
219 silly get     'x-cache': 'HIT',
219 silly get     'x-cache-hits': '1',
219 silly get     'x-timer': 'S1485835279.162280,VS0,VE67',
219 silly get     vary: 'Accept-Encoding' } ]
220 verbose get saving gulp-webserver to C:\Users\Programming PC\AppData\Roaming\npm-cache\registry.npmjs.org\gulp-webserver\.cache.json
221 verbose correctMkdir C:\Users\Programming PC\AppData\Roaming\npm-cache correctMkdir not in flight; initializing
222 http 200 http://registry.npmjs.org/gulp-uglify
223 verbose headers { server: 'nginx/1.10.1',
223 verbose headers   'content-type': 'application/json',
223 verbose headers   'last-modified': 'Sun, 29 Jan 2017 16:44:55 GMT',
223 verbose headers   etag: 'W/"588e1c07-c366"',
223 verbose headers   'content-encoding': 'gzip',
223 verbose headers   'cache-control': 'max-age=300',
223 verbose headers   'content-length': '9385',
223 verbose headers   'accept-ranges': 'bytes',
223 verbose headers   date: 'Tue, 31 Jan 2017 04:01:19 GMT',
223 verbose headers   via: '1.1 varnish',
223 verbose headers   age: '50',
223 verbose headers   connection: 'keep-alive',
223 verbose headers   'x-served-by': 'cache-jfk8140-JFK',
223 verbose headers   'x-cache': 'HIT',
223 verbose headers   'x-cache-hits': '1',
223 verbose headers   'x-timer': 'S1485835279.338850,VS0,VE0',
223 verbose headers   vary: 'Accept-Encoding' }
224 silly get cb [ 200,
224 silly get   { server: 'nginx/1.10.1',
224 silly get     'content-type': 'application/json',
224 silly get     'last-modified': 'Sun, 29 Jan 2017 16:44:55 GMT',
224 silly get     etag: 'W/"588e1c07-c366"',
224 silly get     'content-encoding': 'gzip',
224 silly get     'cache-control': 'max-age=300',
224 silly get     'content-length': '9385',
224 silly get     'accept-ranges': 'bytes',
224 silly get     date: 'Tue, 31 Jan 2017 04:01:19 GMT',
224 silly get     via: '1.1 varnish',
224 silly get     age: '50',
224 silly get     connection: 'keep-alive',
224 silly get     'x-served-by': 'cache-jfk8140-JFK',
224 silly get     'x-cache': 'HIT',
224 silly get     'x-cache-hits': '1',
224 silly get     'x-timer': 'S1485835279.338850,VS0,VE0',
224 silly get     vary: 'Accept-Encoding' } ]
225 verbose get saving gulp-uglify to C:\Users\Programming PC\AppData\Roaming\npm-cache\registry.npmjs.org\gulp-uglify\.cache.json
226 verbose correctMkdir C:\Users\Programming PC\AppData\Roaming\npm-cache correctMkdir not in flight; initializing
227 silly resolveWithNewModule chalk@1.1.3 checking installable status
228 silly cache add args [ 'chalk@^1.1.1', null ]
229 verbose cache add spec chalk@^1.1.1
230 silly cache add parsed spec Result {
230 silly cache add   raw: 'chalk@^1.1.1',
230 silly cache add   scope: null,
230 silly cache add   escapedName: 'chalk',
230 silly cache add   name: 'chalk',
230 silly cache add   rawSpec: '^1.1.1',
230 silly cache add   spec: '>=1.1.1 <2.0.0',
230 silly cache add   type: 'range' }
231 silly addNamed chalk@>=1.1.1 <2.0.0
232 verbose addNamed ">=1.1.1 <2.0.0" is a valid semver range for chalk
233 silly addNameRange { name: 'chalk', range: '>=1.1.1 <2.0.0', hasData: false }
234 silly mapToRegistry name chalk
235 silly mapToRegistry using default registry
236 silly mapToRegistry registry http://registry.npmjs.org/
237 silly mapToRegistry data Result {
237 silly mapToRegistry   raw: 'chalk',
237 silly mapToRegistry   scope: null,
237 silly mapToRegistry   escapedName: 'chalk',
237 silly mapToRegistry   name: 'chalk',
237 silly mapToRegistry   rawSpec: '',
237 silly mapToRegistry   spec: 'latest',
237 silly mapToRegistry   type: 'tag' }
238 silly mapToRegistry uri http://registry.npmjs.org/chalk
239 verbose addNameRange registry:http://registry.npmjs.org/chalk not in flight; fetching
240 silly resolveWithNewModule minimist@1.2.0 checking installable status
241 silly cache add args [ 'minimist@^1.2.0', null ]
242 verbose cache add spec minimist@^1.2.0
243 silly cache add parsed spec Result {
243 silly cache add   raw: 'minimist@^1.2.0',
243 silly cache add   scope: null,
243 silly cache add   escapedName: 'minimist',
243 silly cache add   name: 'minimist',
243 silly cache add   rawSpec: '^1.2.0',
243 silly cache add   spec: '>=1.2.0 <2.0.0',
243 silly cache add   type: 'range' }
244 silly addNamed minimist@>=1.2.0 <2.0.0
245 verbose addNamed ">=1.2.0 <2.0.0" is a valid semver range for minimist
246 silly addNameRange { name: 'minimist', range: '>=1.2.0 <2.0.0', hasData: false }
247 silly mapToRegistry name minimist
248 silly mapToRegistry using default registry
249 silly mapToRegistry registry http://registry.npmjs.org/
250 silly mapToRegistry data Result {
250 silly mapToRegistry   raw: 'minimist',
250 silly mapToRegistry   scope: null,
250 silly mapToRegistry   escapedName: 'minimist',
250 silly mapToRegistry   name: 'minimist',
250 silly mapToRegistry   rawSpec: '',
250 silly mapToRegistry   spec: 'latest',
250 silly mapToRegistry   type: 'tag' }
251 silly mapToRegistry uri http://registry.npmjs.org/minimist
252 verbose addNameRange registry:http://registry.npmjs.org/minimist not in flight; fetching
253 silly resolveWithNewModule gulp-task-listing@1.0.1 checking installable status
254 silly cache add args [ 'gulp-task-listing@^1.0.1', null ]
255 verbose cache add spec gulp-task-listing@^1.0.1
256 silly cache add parsed spec Result {
256 silly cache add   raw: 'gulp-task-listing@^1.0.1',
256 silly cache add   scope: null,
256 silly cache add   escapedName: 'gulp-task-listing',
256 silly cache add   name: 'gulp-task-listing',
256 silly cache add   rawSpec: '^1.0.1',
256 silly cache add   spec: '>=1.0.1 <2.0.0',
256 silly cache add   type: 'range' }
257 silly addNamed gulp-task-listing@>=1.0.1 <2.0.0
258 verbose addNamed ">=1.0.1 <2.0.0" is a valid semver range for gulp-task-listing
259 silly addNameRange { name: 'gulp-task-listing',
259 silly addNameRange   range: '>=1.0.1 <2.0.0',
259 silly addNameRange   hasData: false }
260 silly mapToRegistry name gulp-task-listing
261 silly mapToRegistry using default registry
262 silly mapToRegistry registry http://registry.npmjs.org/
263 silly mapToRegistry data Result {
263 silly mapToRegistry   raw: 'gulp-task-listing',
263 silly mapToRegistry   scope: null,
263 silly mapToRegistry   escapedName: 'gulp-task-listing',
263 silly mapToRegistry   name: 'gulp-task-listing',
263 silly mapToRegistry   rawSpec: '',
263 silly mapToRegistry   spec: 'latest',
263 silly mapToRegistry   type: 'tag' }
264 silly mapToRegistry uri http://registry.npmjs.org/gulp-task-listing
265 verbose addNameRange registry:http://registry.npmjs.org/gulp-task-listing not in flight; fetching
266 silly resolveWithNewModule gulp-load-plugins@1.4.0 checking installable status
267 silly cache add args [ 'gulp-load-plugins@^1.0.0', null ]
268 verbose cache add spec gulp-load-plugins@^1.0.0
269 silly cache add parsed spec Result {
269 silly cache add   raw: 'gulp-load-plugins@^1.0.0',
269 silly cache add   scope: null,
269 silly cache add   escapedName: 'gulp-load-plugins',
269 silly cache add   name: 'gulp-load-plugins',
269 silly cache add   rawSpec: '^1.0.0',
269 silly cache add   spec: '>=1.0.0 <2.0.0',
269 silly cache add   type: 'range' }
270 silly addNamed gulp-load-plugins@>=1.0.0 <2.0.0
271 verbose addNamed ">=1.0.0 <2.0.0" is a valid semver range for gulp-load-plugins
272 silly addNameRange { name: 'gulp-load-plugins',
272 silly addNameRange   range: '>=1.0.0 <2.0.0',
272 silly addNameRange   hasData: false }
273 silly mapToRegistry name gulp-load-plugins
274 silly mapToRegistry using default registry
275 silly mapToRegistry registry http://registry.npmjs.org/
276 silly mapToRegistry data Result {
276 silly mapToRegistry   raw: 'gulp-load-plugins',
276 silly mapToRegistry   scope: null,
276 silly mapToRegistry   escapedName: 'gulp-load-plugins',
276 silly mapToRegistry   name: 'gulp-load-plugins',
276 silly mapToRegistry   rawSpec: '',
276 silly mapToRegistry   spec: 'latest',
276 silly mapToRegistry   type: 'tag' }
277 silly mapToRegistry uri http://registry.npmjs.org/gulp-load-plugins
278 verbose addNameRange registry:http://registry.npmjs.org/gulp-load-plugins not in flight; fetching
279 silly resolveWithNewModule gulp-replace@0.5.4 checking installable status
280 silly cache add args [ 'gulp-replace@^0.5.4', null ]
281 verbose cache add spec gulp-replace@^0.5.4
282 silly cache add parsed spec Result {
282 silly cache add   raw: 'gulp-replace@^0.5.4',
282 silly cache add   scope: null,
282 silly cache add   escapedName: 'gulp-replace',
282 silly cache add   name: 'gulp-replace',
282 silly cache add   rawSpec: '^0.5.4',
282 silly cache add   spec: '>=0.5.4 <0.6.0',
282 silly cache add   type: 'range' }
283 silly addNamed gulp-replace@>=0.5.4 <0.6.0
284 verbose addNamed ">=0.5.4 <0.6.0" is a valid semver range for gulp-replace
285 silly addNameRange { name: 'gulp-replace', range: '>=0.5.4 <0.6.0', hasData: false }
286 silly mapToRegistry name gulp-replace
287 silly mapToRegistry using default registry
288 silly mapToRegistry registry http://registry.npmjs.org/
289 silly mapToRegistry data Result {
289 silly mapToRegistry   raw: 'gulp-replace',
289 silly mapToRegistry   scope: null,
289 silly mapToRegistry   escapedName: 'gulp-replace',
289 silly mapToRegistry   name: 'gulp-replace',
289 silly mapToRegistry   rawSpec: '',
289 silly mapToRegistry   spec: 'latest',
289 silly mapToRegistry   type: 'tag' }
290 silly mapToRegistry uri http://registry.npmjs.org/gulp-replace
291 verbose addNameRange registry:http://registry.npmjs.org/gulp-replace not in flight; fetching
292 silly resolveWithNewModule run-sequence@1.2.2 checking installable status
293 silly cache add args [ 'run-sequence@^1.1.5', null ]
294 verbose cache add spec run-sequence@^1.1.5
295 silly cache add parsed spec Result {
295 silly cache add   raw: 'run-sequence@^1.1.5',
295 silly cache add   scope: null,
295 silly cache add   escapedName: 'run-sequence',
295 silly cache add   name: 'run-sequence',
295 silly cache add   rawSpec: '^1.1.5',
295 silly cache add   spec: '>=1.1.5 <2.0.0',
295 silly cache add   type: 'range' }
296 silly addNamed run-sequence@>=1.1.5 <2.0.0
297 verbose addNamed ">=1.1.5 <2.0.0" is a valid semver range for run-sequence
298 silly addNameRange { name: 'run-sequence', range: '>=1.1.5 <2.0.0', hasData: false }
299 silly mapToRegistry name run-sequence
300 silly mapToRegistry using default registry
301 silly mapToRegistry registry http://registry.npmjs.org/
302 silly mapToRegistry data Result {
302 silly mapToRegistry   raw: 'run-sequence',
302 silly mapToRegistry   scope: null,
302 silly mapToRegistry   escapedName: 'run-sequence',
302 silly mapToRegistry   name: 'run-sequence',
302 silly mapToRegistry   rawSpec: '',
302 silly mapToRegistry   spec: 'latest',
302 silly mapToRegistry   type: 'tag' }
303 silly mapToRegistry uri http://registry.npmjs.org/run-sequence
304 verbose addNameRange registry:http://registry.npmjs.org/run-sequence not in flight; fetching
305 silly resolveWithNewModule del@2.2.2 checking installable status
306 silly cache add args [ 'del@^2.1.0', null ]
307 verbose cache add spec del@^2.1.0
308 silly cache add parsed spec Result {
308 silly cache add   raw: 'del@^2.1.0',
308 silly cache add   scope: null,
308 silly cache add   escapedName: 'del',
308 silly cache add   name: 'del',
308 silly cache add   rawSpec: '^2.1.0',
308 silly cache add   spec: '>=2.1.0 <3.0.0',
308 silly cache add   type: 'range' }
309 silly addNamed del@>=2.1.0 <3.0.0
310 verbose addNamed ">=2.1.0 <3.0.0" is a valid semver range for del
311 silly addNameRange { name: 'del', range: '>=2.1.0 <3.0.0', hasData: false }
312 silly mapToRegistry name del
313 silly mapToRegistry using default registry
314 silly mapToRegistry registry http://registry.npmjs.org/
315 silly mapToRegistry data Result {
315 silly mapToRegistry   raw: 'del',
315 silly mapToRegistry   scope: null,
315 silly mapToRegistry   escapedName: 'del',
315 silly mapToRegistry   name: 'del',
315 silly mapToRegistry   rawSpec: '',
315 silly mapToRegistry   spec: 'latest',
315 silly mapToRegistry   type: 'tag' }
316 silly mapToRegistry uri http://registry.npmjs.org/del
317 verbose addNameRange registry:http://registry.npmjs.org/del not in flight; fetching
318 http 200 http://registry.npmjs.org/gulp
319 verbose headers { server: 'nginx/1.10.1',
319 verbose headers   'content-type': 'application/json',
319 verbose headers   'last-modified': 'Mon, 30 Jan 2017 15:02:57 GMT',
319 verbose headers   etag: 'W/"588f55a1-1cce0"',
319 verbose headers   'content-encoding': 'gzip',
319 verbose headers   'cache-control': 'max-age=300',
319 verbose headers   'content-length': '17009',
319 verbose headers   'accept-ranges': 'bytes',
319 verbose headers   date: 'Tue, 31 Jan 2017 04:01:19 GMT',
319 verbose headers   via: '1.1 varnish',
319 verbose headers   age: '278',
319 verbose headers   connection: 'keep-alive',
319 verbose headers   'x-served-by': 'cache-jfk8136-JFK',
319 verbose headers   'x-cache': 'HIT',
319 verbose headers   'x-cache-hits': '2',
319 verbose headers   'x-timer': 'S1485835279.339204,VS0,VE0',
319 verbose headers   vary: 'Accept-Encoding' }
320 silly get cb [ 200,
320 silly get   { server: 'nginx/1.10.1',
320 silly get     'content-type': 'application/json',
320 silly get     'last-modified': 'Mon, 30 Jan 2017 15:02:57 GMT',
320 silly get     etag: 'W/"588f55a1-1cce0"',
320 silly get     'content-encoding': 'gzip',
320 silly get     'cache-control': 'max-age=300',
320 silly get     'content-length': '17009',
320 silly get     'accept-ranges': 'bytes',
320 silly get     date: 'Tue, 31 Jan 2017 04:01:19 GMT',
320 silly get     via: '1.1 varnish',
320 silly get     age: '278',
320 silly get     connection: 'keep-alive',
320 silly get     'x-served-by': 'cache-jfk8136-JFK',
320 silly get     'x-cache': 'HIT',
320 silly get     'x-cache-hits': '2',
320 silly get     'x-timer': 'S1485835279.339204,VS0,VE0',
320 silly get     vary: 'Accept-Encoding' } ]
321 verbose get saving gulp to C:\Users\Programming PC\AppData\Roaming\npm-cache\registry.npmjs.org\gulp\.cache.json
322 verbose correctMkdir C:\Users\Programming PC\AppData\Roaming\npm-cache correctMkdir not in flight; initializing
323 silly resolveWithNewModule xml2js@0.4.17 checking installable status
324 silly cache add args [ 'xml2js@^0.4.15', null ]
325 verbose cache add spec xml2js@^0.4.15
326 silly cache add parsed spec Result {
326 silly cache add   raw: 'xml2js@^0.4.15',
326 silly cache add   scope: null,
326 silly cache add   escapedName: 'xml2js',
326 silly cache add   name: 'xml2js',
326 silly cache add   rawSpec: '^0.4.15',
326 silly cache add   spec: '>=0.4.15 <0.5.0',
326 silly cache add   type: 'range' }
327 silly addNamed xml2js@>=0.4.15 <0.5.0
328 verbose addNamed ">=0.4.15 <0.5.0" is a valid semver range for xml2js
329 silly addNameRange { name: 'xml2js', range: '>=0.4.15 <0.5.0', hasData: false }
330 silly mapToRegistry name xml2js
331 silly mapToRegistry using default registry
332 silly mapToRegistry registry http://registry.npmjs.org/
333 silly mapToRegistry data Result {
333 silly mapToRegistry   raw: 'xml2js',
333 silly mapToRegistry   scope: null,
333 silly mapToRegistry   escapedName: 'xml2js',
333 silly mapToRegistry   name: 'xml2js',
333 silly mapToRegistry   rawSpec: '',
333 silly mapToRegistry   spec: 'latest',
333 silly mapToRegistry   type: 'tag' }
334 silly mapToRegistry uri http://registry.npmjs.org/xml2js
335 verbose addNameRange registry:http://registry.npmjs.org/xml2js not in flight; fetching
336 verbose get http://registry.npmjs.org/chalk not expired, no request
337 silly addNameRange number 2 { name: 'chalk', range: '>=1.1.1 <2.0.0', hasData: true }
338 silly addNameRange versions [ 'chalk',
338 silly addNameRange   [ '0.1.0',
338 silly addNameRange     '0.1.1',
338 silly addNameRange     '0.2.0',
338 silly addNameRange     '0.2.1',
338 silly addNameRange     '0.3.0',
338 silly addNameRange     '0.4.0',
338 silly addNameRange     '0.5.0',
338 silly addNameRange     '0.5.1',
338 silly addNameRange     '1.0.0',
338 silly addNameRange     '1.1.0',
338 silly addNameRange     '1.1.1',
338 silly addNameRange     '1.1.2',
338 silly addNameRange     '1.1.3' ] ]
339 silly addNamed chalk@1.1.3
340 verbose addNamed "1.1.3" is a plain semver version for chalk
341 verbose get http://registry.npmjs.org/minimist not expired, no request
342 silly addNameRange number 2 { name: 'minimist', range: '>=1.2.0 <2.0.0', hasData: true }
343 silly addNameRange versions [ 'minimist',
343 silly addNameRange   [ '0.0.0',
343 silly addNameRange     '0.0.1',
343 silly addNameRange     '0.0.2',
343 silly addNameRange     '0.0.3',
343 silly addNameRange     '0.0.4',
343 silly addNameRange     '0.0.5',
343 silly addNameRange     '0.0.6',
343 silly addNameRange     '0.0.7',
343 silly addNameRange     '0.0.8',
343 silly addNameRange     '0.0.9',
343 silly addNameRange     '0.0.10',
343 silly addNameRange     '0.1.0',
343 silly addNameRange     '0.2.0',
343 silly addNameRange     '1.0.0',
343 silly addNameRange     '1.1.0',
343 silly addNameRange     '1.1.1',
343 silly addNameRange     '1.1.2',
343 silly addNameRange     '1.1.3',
343 silly addNameRange     '1.2.0' ] ]
344 silly addNamed minimist@1.2.0
345 verbose addNamed "1.2.0" is a plain semver version for minimist
346 silly resolveWithNewModule gulp-webserver@0.9.1 checking installable status
347 silly cache add args [ 'gulp-webserver@^0.9.1', null ]
348 verbose cache add spec gulp-webserver@^0.9.1
349 silly cache add parsed spec Result {
349 silly cache add   raw: 'gulp-webserver@^0.9.1',
349 silly cache add   scope: null,
349 silly cache add   escapedName: 'gulp-webserver',
349 silly cache add   name: 'gulp-webserver',
349 silly cache add   rawSpec: '^0.9.1',
349 silly cache add   spec: '>=0.9.1 <0.10.0',
349 silly cache add   type: 'range' }
350 silly addNamed gulp-webserver@>=0.9.1 <0.10.0
351 verbose addNamed ">=0.9.1 <0.10.0" is a valid semver range for gulp-webserver
352 silly addNameRange { name: 'gulp-webserver',
352 silly addNameRange   range: '>=0.9.1 <0.10.0',
352 silly addNameRange   hasData: false }
353 silly mapToRegistry name gulp-webserver
354 silly mapToRegistry using default registry
355 silly mapToRegistry registry http://registry.npmjs.org/
356 silly mapToRegistry data Result {
356 silly mapToRegistry   raw: 'gulp-webserver',
356 silly mapToRegistry   scope: null,
356 silly mapToRegistry   escapedName: 'gulp-webserver',
356 silly mapToRegistry   name: 'gulp-webserver',
356 silly mapToRegistry   rawSpec: '',
356 silly mapToRegistry   spec: 'latest',
356 silly mapToRegistry   type: 'tag' }
357 silly mapToRegistry uri http://registry.npmjs.org/gulp-webserver
358 verbose addNameRange registry:http://registry.npmjs.org/gulp-webserver not in flight; fetching
359 silly resolveWithNewModule gulp-clean-css@2.3.2 checking installable status
360 silly cache add args [ 'gulp-clean-css@^2.0.13', null ]
361 verbose cache add spec gulp-clean-css@^2.0.13
362 silly cache add parsed spec Result {
362 silly cache add   raw: 'gulp-clean-css@^2.0.13',
362 silly cache add   scope: null,
362 silly cache add   escapedName: 'gulp-clean-css',
362 silly cache add   name: 'gulp-clean-css',
362 silly cache add   rawSpec: '^2.0.13',
362 silly cache add   spec: '>=2.0.13 <3.0.0',
362 silly cache add   type: 'range' }
363 silly addNamed gulp-clean-css@>=2.0.13 <3.0.0
364 verbose addNamed ">=2.0.13 <3.0.0" is a valid semver range for gulp-clean-css
365 silly addNameRange { name: 'gulp-clean-css',
365 silly addNameRange   range: '>=2.0.13 <3.0.0',
365 silly addNameRange   hasData: false }
366 silly mapToRegistry name gulp-clean-css
367 silly mapToRegistry using default registry
368 silly mapToRegistry registry http://registry.npmjs.org/
369 silly mapToRegistry data Result {
369 silly mapToRegistry   raw: 'gulp-clean-css',
369 silly mapToRegistry   scope: null,
369 silly mapToRegistry   escapedName: 'gulp-clean-css',
369 silly mapToRegistry   name: 'gulp-clean-css',
369 silly mapToRegistry   rawSpec: '',
369 silly mapToRegistry   spec: 'latest',
369 silly mapToRegistry   type: 'tag' }
370 silly mapToRegistry uri http://registry.npmjs.org/gulp-clean-css
371 verbose addNameRange registry:http://registry.npmjs.org/gulp-clean-css not in flight; fetching
372 verbose get http://registry.npmjs.org/gulp-task-listing not expired, no request
373 silly addNameRange number 2 { name: 'gulp-task-listing',
373 silly addNameRange   range: '>=1.0.1 <2.0.0',
373 silly addNameRange   hasData: true }
374 silly addNameRange versions [ 'gulp-task-listing',
374 silly addNameRange   [ '0.1.0', '0.2.0', '0.2.1', '0.2.2', '0.3.0', '1.0.0', '1.0.1' ] ]
375 silly addNamed gulp-task-listing@1.0.1
376 verbose addNamed "1.0.1" is a plain semver version for gulp-task-listing
377 verbose get http://registry.npmjs.org/gulp-load-plugins not expired, no request
378 silly addNameRange number 2 { name: 'gulp-load-plugins',
378 silly addNameRange   range: '>=1.0.0 <2.0.0',
378 silly addNameRange   hasData: true }
379 silly addNameRange versions [ 'gulp-load-plugins',
379 silly addNameRange   [ '0.2.0',
379 silly addNameRange     '0.3.0',
379 silly addNameRange     '0.4.0',
379 silly addNameRange     '0.5.0',
379 silly addNameRange     '0.5.1',
379 silly addNameRange     '0.6.0-beta',
379 silly addNameRange     '0.5.2',
379 silly addNameRange     '0.5.3',
379 silly addNameRange     '0.6.0',
379 silly addNameRange     '0.7.0',
379 silly addNameRange     '0.7.1',
379 silly addNameRange     '0.8.0',
379 silly addNameRange     '0.8.1',
379 silly addNameRange     '0.9.0',
379 silly addNameRange     '0.10.0',
379 silly addNameRange     '1.0.0-rc.1',
379 silly addNameRange     '1.0.0',
379 silly addNameRange     '1.1.0',
379 silly addNameRange     '1.2.0',
379 silly addNameRange     '1.2.1',
379 silly addNameRange     '1.2.2',
379 silly addNameRange     '1.2.3',
379 silly addNameRange     '1.2.4',
379 silly addNameRange     '1.3.0',
379 silly addNameRange     '1.4.0' ] ]
380 silly addNamed gulp-load-plugins@1.4.0
381 verbose addNamed "1.4.0" is a plain semver version for gulp-load-plugins
382 verbose get http://registry.npmjs.org/gulp-replace not expired, no request
383 silly addNameRange number 2 { name: 'gulp-replace', range: '>=0.5.4 <0.6.0', hasData: true }
384 silly addNameRange versions [ 'gulp-replace',
384 silly addNameRange   [ '0.1.0',
384 silly addNameRange     '0.2.0',
384 silly addNameRange     '0.3.0',
384 silly addNameRange     '0.4.0',
384 silly addNameRange     '0.5.0',
384 silly addNameRange     '0.5.1',
384 silly addNameRange     '0.5.2',
384 silly addNameRange     '0.5.3',
384 silly addNameRange     '0.5.4' ] ]
385 silly addNamed gulp-replace@0.5.4
386 verbose addNamed "0.5.4" is a plain semver version for gulp-replace
387 verbose get http://registry.npmjs.org/run-sequence not expired, no request
388 silly addNameRange number 2 { name: 'run-sequence', range: '>=1.1.5 <2.0.0', hasData: true }
389 silly addNameRange versions [ 'run-sequence',
389 silly addNameRange   [ '0.3.1',
389 silly addNameRange     '0.3.2',
389 silly addNameRange     '0.3.3',
389 silly addNameRange     '0.3.4',
389 silly addNameRange     '0.3.5',
389 silly addNameRange     '0.3.6',
389 silly addNameRange     '0.3.7',
389 silly addNameRange     '1.0.0',
389 silly addNameRange     '1.0.1',
389 silly addNameRange     '1.0.2',
389 silly addNameRange     '1.1.0',
389 silly addNameRange     '1.1.1',
389 silly addNameRange     '1.1.2',
389 silly addNameRange     '1.1.3',
389 silly addNameRange     '1.1.4',
389 silly addNameRange     '1.1.5',
389 silly addNameRange     '1.2.0',
389 silly addNameRange     '1.2.1',
389 silly addNameRange     '1.2.2' ] ]
390 silly addNamed run-sequence@1.2.2
391 verbose addNamed "1.2.2" is a plain semver version for run-sequence
392 silly mapToRegistry name gulp-task-listing
393 silly mapToRegistry using default registry
394 silly mapToRegistry registry http://registry.npmjs.org/
395 silly mapToRegistry data Result {
395 silly mapToRegistry   raw: 'gulp-task-listing',
395 silly mapToRegistry   scope: null,
395 silly mapToRegistry   escapedName: 'gulp-task-listing',
395 silly mapToRegistry   name: 'gulp-task-listing',
395 silly mapToRegistry   rawSpec: '',
395 silly mapToRegistry   spec: 'latest',
395 silly mapToRegistry   type: 'tag' }
396 silly mapToRegistry uri http://registry.npmjs.org/gulp-task-listing
397 verbose addRemoteTarball http://registry.npmjs.org/gulp-task-listing/-/gulp-task-listing-1.0.1.tgz not in flight; adding
398 verbose addRemoteTarball [ 'http://registry.npmjs.org/gulp-task-listing/-/gulp-task-listing-1.0.1.tgz',
398 verbose addRemoteTarball   '8d3d88a93381715d80d66d08d9c55587d889f2ba' ]
399 silly mapToRegistry name gulp-load-plugins
400 silly mapToRegistry using default registry
401 silly mapToRegistry registry http://registry.npmjs.org/
402 silly mapToRegistry data Result {
402 silly mapToRegistry   raw: 'gulp-load-plugins',
402 silly mapToRegistry   scope: null,
402 silly mapToRegistry   escapedName: 'gulp-load-plugins',
402 silly mapToRegistry   name: 'gulp-load-plugins',
402 silly mapToRegistry   rawSpec: '',
402 silly mapToRegistry   spec: 'latest',
402 silly mapToRegistry   type: 'tag' }
403 silly mapToRegistry uri http://registry.npmjs.org/gulp-load-plugins
404 verbose addRemoteTarball http://registry.npmjs.org/gulp-load-plugins/-/gulp-load-plugins-1.4.0.tgz not in flight; adding
405 verbose addRemoteTarball [ 'http://registry.npmjs.org/gulp-load-plugins/-/gulp-load-plugins-1.4.0.tgz',
405 verbose addRemoteTarball   '82fab03715ecf1838a958ec643a4d74274ddfece' ]
406 silly mapToRegistry name gulp-replace
407 silly mapToRegistry using default registry
408 silly mapToRegistry registry http://registry.npmjs.org/
409 silly mapToRegistry data Result {
409 silly mapToRegistry   raw: 'gulp-replace',
409 silly mapToRegistry   scope: null,
409 silly mapToRegistry   escapedName: 'gulp-replace',
409 silly mapToRegistry   name: 'gulp-replace',
409 silly mapToRegistry   rawSpec: '',
409 silly mapToRegistry   spec: 'latest',
409 silly mapToRegistry   type: 'tag' }
410 silly mapToRegistry uri http://registry.npmjs.org/gulp-replace
411 verbose addRemoteTarball http://registry.npmjs.org/gulp-replace/-/gulp-replace-0.5.4.tgz not in flight; adding
412 verbose addRemoteTarball [ 'http://registry.npmjs.org/gulp-replace/-/gulp-replace-0.5.4.tgz',
412 verbose addRemoteTarball   '69a67914bbd13c562bff14f504a403796aa0daa9' ]
413 verbose get http://registry.npmjs.org/del not expired, no request
414 silly addNameRange number 2 { name: 'del', range: '>=2.1.0 <3.0.0', hasData: true }
415 silly addNameRange versions [ 'del',
415 silly addNameRange   [ '0.1.0',
415 silly addNameRange     '0.1.1',
415 silly addNameRange     '0.1.2',
415 silly addNameRange     '0.1.3',
415 silly addNameRange     '1.0.0',
415 silly addNameRange     '1.1.0',
415 silly addNameRange     '1.1.1',
415 silly addNameRange     '1.2.0',
415 silly addNameRange     '1.2.1',
415 silly addNameRange     '2.0.0',
415 silly addNameRange     '2.0.1',
415 silly addNameRange     '2.0.2',
415 silly addNameRange     '2.1.0',
415 silly addNameRange     '2.2.0',
415 silly addNameRange     '2.2.1',
415 silly addNameRange     '2.2.2' ] ]
416 silly addNamed del@2.2.2
417 verbose addNamed "2.2.2" is a plain semver version for del
418 silly mapToRegistry name run-sequence
419 silly mapToRegistry using default registry
420 silly mapToRegistry registry http://registry.npmjs.org/
421 silly mapToRegistry data Result {
421 silly mapToRegistry   raw: 'run-sequence',
421 silly mapToRegistry   scope: null,
421 silly mapToRegistry   escapedName: 'run-sequence',
421 silly mapToRegistry   name: 'run-sequence',
421 silly mapToRegistry   rawSpec: '',
421 silly mapToRegistry   spec: 'latest',
421 silly mapToRegistry   type: 'tag' }
422 silly mapToRegistry uri http://registry.npmjs.org/run-sequence
423 verbose addRemoteTarball http://registry.npmjs.org/run-sequence/-/run-sequence-1.2.2.tgz not in flight; adding
424 verbose addRemoteTarball [ 'http://registry.npmjs.org/run-sequence/-/run-sequence-1.2.2.tgz',
424 verbose addRemoteTarball   '5095a0bebe98733b0140bd08dd80ec030ddacdeb' ]
425 verbose get http://registry.npmjs.org/xml2js not expired, no request
426 silly addNameRange number 2 { name: 'xml2js', range: '>=0.4.15 <0.5.0', hasData: true }
427 silly addNameRange versions [ 'xml2js',
427 silly addNameRange   [ '0.1.0',
427 silly addNameRange     '0.1.1',
427 silly addNameRange     '0.1.2',
427 silly addNameRange     '0.1.3',
427 silly addNameRange     '0.1.4',
427 silly addNameRange     '0.1.5',
427 silly addNameRange     '0.1.6',
427 silly addNameRange     '0.1.7',
427 silly addNameRange     '0.1.8',
427 silly addNameRange     '0.1.9',
427 silly addNameRange     '0.1.10',
427 silly addNameRange     '0.1.11',
427 silly addNameRange     '0.1.12',
427 silly addNameRange     '0.1.13',
427 silly addNameRange     '0.1.14',
427 silly addNameRange     '0.2.0',
427 silly addNameRange     '0.2.1',
427 silly addNameRange     '0.2.2',
427 silly addNameRange     '0.2.3',
427 silly addNameRange     '0.2.4',
427 silly addNameRange     '0.2.5',
427 silly addNameRange     '0.2.6',
427 silly addNameRange     '0.2.7',
427 silly addNameRange     '0.2.8',
427 silly addNameRange     '0.4.0',
427 silly addNameRange     '0.4.1',
427 silly addNameRange     '0.4.2',
427 silly addNameRange     '0.4.3',
427 silly addNameRange     '0.4.4',
427 silly addNameRange     '0.4.5',
427 silly addNameRange     '0.4.6',
427 silly addNameRange     '0.4.7',
427 silly addNameRange     '0.4.8',
427 silly addNameRange     '0.4.9',
427 silly addNameRange     '0.4.10',
427 silly addNameRange     '0.4.11',
427 silly addNameRange     '0.4.12',
427 silly addNameRange     '0.4.13',
427 silly addNameRange     '0.4.1-4.1',
427 silly addNameRange     '0.4.15',
427 silly addNameRange     '0.4.16',
427 silly addNameRange     '0.4.17' ] ]
428 silly addNamed xml2js@0.4.17
429 verbose addNamed "0.4.17" is a plain semver version for xml2js
430 silly resolveWithNewModule gulp-uglify@1.5.4 checking installable status
431 silly cache add args [ 'gulp-uglify@^1.5.1', null ]
432 verbose cache add spec gulp-uglify@^1.5.1
433 silly cache add parsed spec Result {
433 silly cache add   raw: 'gulp-uglify@^1.5.1',
433 silly cache add   scope: null,
433 silly cache add   escapedName: 'gulp-uglify',
433 silly cache add   name: 'gulp-uglify',
433 silly cache add   rawSpec: '^1.5.1',
433 silly cache add   spec: '>=1.5.1 <2.0.0',
433 silly cache add   type: 'range' }
434 silly addNamed gulp-uglify@>=1.5.1 <2.0.0
435 verbose addNamed ">=1.5.1 <2.0.0" is a valid semver range for gulp-uglify
436 silly addNameRange { name: 'gulp-uglify', range: '>=1.5.1 <2.0.0', hasData: false }
437 silly mapToRegistry name gulp-uglify
438 silly mapToRegistry using default registry
439 silly mapToRegistry registry http://registry.npmjs.org/
440 silly mapToRegistry data Result {
440 silly mapToRegistry   raw: 'gulp-uglify',
440 silly mapToRegistry   scope: null,
440 silly mapToRegistry   escapedName: 'gulp-uglify',
440 silly mapToRegistry   name: 'gulp-uglify',
440 silly mapToRegistry   rawSpec: '',
440 silly mapToRegistry   spec: 'latest',
440 silly mapToRegistry   type: 'tag' }
441 silly mapToRegistry uri http://registry.npmjs.org/gulp-uglify
442 verbose addNameRange registry:http://registry.npmjs.org/gulp-uglify not in flight; fetching
443 silly cache afterAdd chalk@1.1.3
444 verbose afterAdd C:\Users\Programming PC\AppData\Roaming\npm-cache\chalk\1.1.3\package\package.json not in flight; writing
445 verbose correctMkdir C:\Users\Programming PC\AppData\Roaming\npm-cache correctMkdir not in flight; initializing
446 verbose get http://registry.npmjs.org/gulp-clean-css not expired, no request
447 silly addNameRange number 2 { name: 'gulp-clean-css',
447 silly addNameRange   range: '>=2.0.13 <3.0.0',
447 silly addNameRange   hasData: true }
448 silly addNameRange versions [ 'gulp-clean-css',
448 silly addNameRange   [ '1.0.0',
448 silly addNameRange     '1.0.1',
448 silly addNameRange     '1.0.2',
448 silly addNameRange     '2.0.0',
448 silly addNameRange     '2.0.1',
448 silly addNameRange     '2.0.2',
448 silly addNameRange     '2.0.3',
448 silly addNameRange     '2.0.4',
448 silly addNameRange     '2.0.5',
448 silly addNameRange     '2.0.6',
448 silly addNameRange     '2.0.7',
448 silly addNameRange     '2.0.8',
448 silly addNameRange     '2.0.9',
448 silly addNameRange     '2.0.10',
448 silly addNameRange     '2.0.11',
448 silly addNameRange     '2.0.12',
448 silly addNameRange     '2.0.13',
448 silly addNameRange     '2.1.0',
448 silly addNameRange     '2.1.1',
448 silly addNameRange     '2.1.2',
448 silly addNameRange     '2.1.3',
448 silly addNameRange     '2.2.0',
448 silly addNameRange     '2.2.1',
448 silly addNameRange     '2.2.2',
448 silly addNameRange     '2.3.0',
448 silly addNameRange     '2.3.1',
448 silly addNameRange     '2.3.2' ] ]
449 silly addNamed gulp-clean-css@2.3.2
450 verbose addNamed "2.3.2" is a plain semver version for gulp-clean-css
451 verbose get http://registry.npmjs.org/gulp-webserver not expired, no request
452 silly addNameRange number 2 { name: 'gulp-webserver',
452 silly addNameRange   range: '>=0.9.1 <0.10.0',
452 silly addNameRange   hasData: true }
453 silly addNameRange versions [ 'gulp-webserver',
453 silly addNameRange   [ '0.0.0',
453 silly addNameRange     '0.1.0',
453 silly addNameRange     '0.2.0',
453 silly addNameRange     '0.2.1',
453 silly addNameRange     '0.3.0',
453 silly addNameRange     '0.3.1',
453 silly addNameRange     '0.3.2',
453 silly addNameRange     '0.3.4',
453 silly addNameRange     '0.4.0',
453 silly addNameRange     '0.5.0',
453 silly addNameRange     '0.6.0',
453 silly addNameRange     '0.7.0',
453 silly addNameRange     '0.7.1',
453 silly addNameRange     '0.7.2',
453 silly addNameRange     '0.8.0',
453 silly addNameRange     '0.8.1',
453 silly addNameRange     '0.8.2',
453 silly addNameRange     '0.8.3',
453 silly addNameRange     '0.8.4',
453 silly addNameRange     '0.8.5',
453 silly addNameRange     '0.8.6',
453 silly addNameRange     '0.8.7',
453 silly addNameRange     '0.8.8',
453 silly addNameRange     '0.9.0',
453 silly addNameRange     '0.9.1' ] ]
454 silly addNamed gulp-webserver@0.9.1
455 verbose addNamed "0.9.1" is a plain semver version for gulp-webserver
456 silly cache afterAdd minimist@1.2.0
457 verbose afterAdd C:\Users\Programming PC\AppData\Roaming\npm-cache\minimist\1.2.0\package\package.json not in flight; writing
458 verbose correctMkdir C:\Users\Programming PC\AppData\Roaming\npm-cache correctMkdir not in flight; initializing
459 silly mapToRegistry name gulp-clean-css
460 silly mapToRegistry using default registry
461 silly mapToRegistry registry http://registry.npmjs.org/
462 silly mapToRegistry data Result {
462 silly mapToRegistry   raw: 'gulp-clean-css',
462 silly mapToRegistry   scope: null,
462 silly mapToRegistry   escapedName: 'gulp-clean-css',
462 silly mapToRegistry   name: 'gulp-clean-css',
462 silly mapToRegistry   rawSpec: '',
462 silly mapToRegistry   spec: 'latest',
462 silly mapToRegistry   type: 'tag' }
463 silly mapToRegistry uri http://registry.npmjs.org/gulp-clean-css
464 verbose addRemoteTarball http://registry.npmjs.org/gulp-clean-css/-/gulp-clean-css-2.3.2.tgz not in flight; adding
465 verbose addRemoteTarball [ 'http://registry.npmjs.org/gulp-clean-css/-/gulp-clean-css-2.3.2.tgz',
465 verbose addRemoteTarball   '7410769c4474c12ccd55e98ea74b1898d428acd0' ]
466 silly mapToRegistry name gulp-webserver
467 silly mapToRegistry using default registry
468 silly mapToRegistry registry http://registry.npmjs.org/
469 silly mapToRegistry data Result {
469 silly mapToRegistry   raw: 'gulp-webserver',
469 silly mapToRegistry   scope: null,
469 silly mapToRegistry   escapedName: 'gulp-webserver',
469 silly mapToRegistry   name: 'gulp-webserver',
469 silly mapToRegistry   rawSpec: '',
469 silly mapToRegistry   spec: 'latest',
469 silly mapToRegistry   type: 'tag' }
470 silly mapToRegistry uri http://registry.npmjs.org/gulp-webserver
471 verbose addRemoteTarball http://registry.npmjs.org/gulp-webserver/-/gulp-webserver-0.9.1.tgz not in flight; adding
472 verbose addRemoteTarball [ 'http://registry.npmjs.org/gulp-webserver/-/gulp-webserver-0.9.1.tgz',
472 verbose addRemoteTarball   'e09992165d97c5865616d642a1601529b0367064' ]
473 http 200 http://registry.npmjs.org/yargs
474 verbose headers { server: 'nginx/1.10.1',
474 verbose headers   'content-type': 'application/json',
474 verbose headers   'last-modified': 'Wed, 25 Jan 2017 18:53:43 GMT',
474 verbose headers   etag: 'W/"5888f437-47d11"',
474 verbose headers   'content-encoding': 'gzip',
474 verbose headers   'cache-control': 'max-age=300',
474 verbose headers   'content-length': '34965',
474 verbose headers   'accept-ranges': 'bytes',
474 verbose headers   date: 'Tue, 31 Jan 2017 04:01:19 GMT',
474 verbose headers   via: '1.1 varnish',
474 verbose headers   age: '29',
474 verbose headers   connection: 'keep-alive',
474 verbose headers   'x-served-by': 'cache-jfk8151-JFK',
474 verbose headers   'x-cache': 'HIT',
474 verbose headers   'x-cache-hits': '1',
474 verbose headers   'x-timer': 'S1485835279.339378,VS0,VE0',
474 verbose headers   vary: 'Accept-Encoding' }
475 silly get cb [ 200,
475 silly get   { server: 'nginx/1.10.1',
475 silly get     'content-type': 'application/json',
475 silly get     'last-modified': 'Wed, 25 Jan 2017 18:53:43 GMT',
475 silly get     etag: 'W/"5888f437-47d11"',
475 silly get     'content-encoding': 'gzip',
475 silly get     'cache-control': 'max-age=300',
475 silly get     'content-length': '34965',
475 silly get     'accept-ranges': 'bytes',
475 silly get     date: 'Tue, 31 Jan 2017 04:01:19 GMT',
475 silly get     via: '1.1 varnish',
475 silly get     age: '29',
475 silly get     connection: 'keep-alive',
475 silly get     'x-served-by': 'cache-jfk8151-JFK',
475 silly get     'x-cache': 'HIT',
475 silly get     'x-cache-hits': '1',
475 silly get     'x-timer': 'S1485835279.339378,VS0,VE0',
475 silly get     vary: 'Accept-Encoding' } ]
476 verbose get saving yargs to C:\Users\Programming PC\AppData\Roaming\npm-cache\registry.npmjs.org\yargs\.cache.json
477 verbose correctMkdir C:\Users\Programming PC\AppData\Roaming\npm-cache correctMkdir not in flight; initializing
478 info retry fetch attempt 1 at 11:01:14 PM
479 info attempt registry request try #1 at 11:01:14 PM
480 http fetch GET http://registry.npmjs.org/gulp-task-listing/-/gulp-task-listing-1.0.1.tgz
481 silly resolveWithNewModule gulp@3.9.1 checking installable status
482 silly cache add args [ 'gulp@^3.9.0', null ]
483 verbose cache add spec gulp@^3.9.0
484 silly cache add parsed spec Result {
484 silly cache add   raw: 'gulp@^3.9.0',
484 silly cache add   scope: null,
484 silly cache add   escapedName: 'gulp',
484 silly cache add   name: 'gulp',
484 silly cache add   rawSpec: '^3.9.0',
484 silly cache add   spec: '>=3.9.0 <4.0.0',
484 silly cache add   type: 'range' }
485 silly addNamed gulp@>=3.9.0 <4.0.0
486 verbose addNamed ">=3.9.0 <4.0.0" is a valid semver range for gulp
487 silly addNameRange { name: 'gulp', range: '>=3.9.0 <4.0.0', hasData: false }
488 silly mapToRegistry name gulp
489 silly mapToRegistry using default registry
490 silly mapToRegistry registry http://registry.npmjs.org/
491 silly mapToRegistry data Result {
491 silly mapToRegistry   raw: 'gulp',
491 silly mapToRegistry   scope: null,
491 silly mapToRegistry   escapedName: 'gulp',
491 silly mapToRegistry   name: 'gulp',
491 silly mapToRegistry   rawSpec: '',
491 silly mapToRegistry   spec: 'latest',
491 silly mapToRegistry   type: 'tag' }
492 silly mapToRegistry uri http://registry.npmjs.org/gulp
493 verbose addNameRange registry:http://registry.npmjs.org/gulp not in flight; fetching
494 verbose get http://registry.npmjs.org/gulp-uglify not expired, no request
495 silly addNameRange number 2 { name: 'gulp-uglify', range: '>=1.5.1 <2.0.0', hasData: true }
496 silly addNameRange versions [ 'gulp-uglify',
496 silly addNameRange   [ '0.0.1',
496 silly addNameRange     '0.0.3',
496 silly addNameRange     '0.0.4',
496 silly addNameRange     '0.1.0',
496 silly addNameRange     '0.2.0',
496 silly addNameRange     '0.2.1',
496 silly addNameRange     '0.3.0',
496 silly addNameRange     '0.3.1',
496 silly addNameRange     '0.3.2',
496 silly addNameRange     '1.0.0-0',
496 silly addNameRange     '1.0.0',
496 silly addNameRange     '1.0.1',
496 silly addNameRange     '1.0.2',
496 silly addNameRange     '1.1.0',
496 silly addNameRange     '1.2.0',
496 silly addNameRange     '1.3.0',
496 silly addNameRange     '1.4.0',
496 silly addNameRange     '1.4.1',
496 silly addNameRange     '1.4.2',
496 silly addNameRange     '1.5.1',
496 silly addNameRange     '1.5.2',
496 silly addNameRange     '1.5.3',
496 silly addNameRange     '1.5.4',
496 silly addNameRange     '2.0.0',
496 silly addNameRange     '2.0.1' ] ]
497 silly addNamed gulp-uglify@1.5.4
498 verbose addNamed "1.5.4" is a plain semver version for gulp-uglify
499 info retry fetch attempt 1 at 11:01:14 PM
500 info attempt registry request try #1 at 11:01:14 PM
501 http fetch GET http://registry.npmjs.org/gulp-clean-css/-/gulp-clean-css-2.3.2.tgz
502 info retry fetch attempt 1 at 11:01:14 PM
503 info attempt registry request try #1 at 11:01:14 PM
504 http fetch GET http://registry.npmjs.org/gulp-webserver/-/gulp-webserver-0.9.1.tgz
505 silly cache afterAdd xml2js@0.4.17
506 verbose afterAdd C:\Users\Programming PC\AppData\Roaming\npm-cache\xml2js\0.4.17\package\package.json not in flight; writing
507 verbose correctMkdir C:\Users\Programming PC\AppData\Roaming\npm-cache correctMkdir not in flight; initializing
508 http fetch 200 http://registry.npmjs.org/gulp-clean-css/-/gulp-clean-css-2.3.2.tgz
509 info retry fetch attempt 1 at 11:01:14 PM
510 info attempt registry request try #1 at 11:01:14 PM
511 http fetch GET http://registry.npmjs.org/gulp-load-plugins/-/gulp-load-plugins-1.4.0.tgz
512 info retry fetch attempt 1 at 11:01:14 PM
513 info attempt registry request try #1 at 11:01:14 PM
514 http fetch GET http://registry.npmjs.org/gulp-replace/-/gulp-replace-0.5.4.tgz
515 http fetch 200 http://registry.npmjs.org/gulp-webserver/-/gulp-webserver-0.9.1.tgz
516 info retry fetch attempt 1 at 11:01:15 PM
517 info attempt registry request try #1 at 11:01:15 PM
518 http fetch GET http://registry.npmjs.org/run-sequence/-/run-sequence-1.2.2.tgz
519 http fetch 200 http://registry.npmjs.org/gulp-task-listing/-/gulp-task-listing-1.0.1.tgz
520 http fetch 200 http://registry.npmjs.org/gulp-load-plugins/-/gulp-load-plugins-1.4.0.tgz
521 http fetch 200 http://registry.npmjs.org/gulp-replace/-/gulp-replace-0.5.4.tgz
522 verbose afterAdd C:\Users\Programming PC\AppData\Roaming\npm-cache\chalk\1.1.3\package\package.json written
523 verbose afterAdd C:\Users\Programming PC\AppData\Roaming\npm-cache\minimist\1.2.0\package\package.json written
524 http fetch 200 http://registry.npmjs.org/run-sequence/-/run-sequence-1.2.2.tgz
525 silly cache afterAdd del@2.2.2
526 verbose afterAdd C:\Users\Programming PC\AppData\Roaming\npm-cache\del\2.2.2\package\package.json not in flight; writing
527 verbose correctMkdir C:\Users\Programming PC\AppData\Roaming\npm-cache correctMkdir not in flight; initializing
528 verbose get http://registry.npmjs.org/gulp not expired, no request
529 silly addNameRange number 2 { name: 'gulp', range: '>=3.9.0 <4.0.0', hasData: true }
530 silly addNameRange versions [ 'gulp',
530 silly addNameRange   [ '0.0.1',
530 silly addNameRange     '0.0.2',
530 silly addNameRange     '0.0.3',
530 silly addNameRange     '0.0.4',
530 silly addNameRange     '0.0.5',
530 silly addNameRange     '0.0.7',
530 silly addNameRange     '0.0.8',
530 silly addNameRange     '0.0.9',
530 silly addNameRange     '0.1.0',
530 silly addNameRange     '0.2.0',
530 silly addNameRange     '1.0.0',
530 silly addNameRange     '1.1.0',
530 silly addNameRange     '1.2.0',
530 silly addNameRange     '1.2.1',
530 silly addNameRange     '2.0.0',
530 silly addNameRange     '2.0.1',
530 silly addNameRange     '2.1.0',
530 silly addNameRange     '2.2.0',
530 silly addNameRange     '2.3.0',
530 silly addNameRange     '2.4.0',
530 silly addNameRange     '2.4.1',
530 silly addNameRange     '2.6.0',
530 silly addNameRange     '2.6.1',
530 silly addNameRange     '2.7.0',
530 silly addNameRange     '3.0.0',
530 silly addNameRange     '3.1.1',
530 silly addNameRange     '3.1.2',
530 silly addNameRange     '3.1.3',
530 silly addNameRange     '3.1.4',
530 silly addNameRange     '3.2.0',
530 silly addNameRange     '3.2.1',
530 silly addNameRange     '3.2.2',
530 silly addNameRange     '3.2.3',
530 silly addNameRange     '3.2.4',
530 silly addNameRange     '3.2.5',
530 silly addNameRange     '3.3.0',
530 silly addNameRange     '3.3.1',
530 silly addNameRange     '3.3.2',
530 silly addNameRange     '3.3.4',
530 silly addNameRange     '3.4.0',
530 silly addNameRange     '3.5.0',
530 silly addNameRange     '3.5.1',
530 silly addNameRange     '3.5.2',
530 silly addNameRange     '3.5.5',
530 silly addNameRange     '3.5.6',
530 silly addNameRange     '3.6.0',
530 silly addNameRange     '3.6.1',
530 silly addNameRange     '3.6.2',
530 silly addNameRange     '3.7.0',
530 silly addNameRange     '3.8.0',
530 silly addNameRange     '3.8.1',
530 silly addNameRange     '3.8.2',
530 silly addNameRange     '3.8.3',
530 silly addNameRange     '3.8.4',
530 silly addNameRange     '3.8.5',
530 silly addNameRange     '3.8.6',
530 silly addNameRange     '3.8.7',
530 silly addNameRange     '3.8.8',
530 silly addNameRange     '3.8.9',
530 silly addNameRange     '3.8.10',
530 silly addNameRange     '3.8.11',
530 silly addNameRange     '3.9.0',
530 silly addNameRange     '3.9.1' ] ]
531 silly addNamed gulp@3.9.1
532 verbose addNamed "3.9.1" is a plain semver version for gulp
533 silly fetchAndShaCheck shasum 7410769c4474c12ccd55e98ea74b1898d428acd0
534 silly fetchAndShaCheck shasum e09992165d97c5865616d642a1601529b0367064
535 silly fetchAndShaCheck shasum 82fab03715ecf1838a958ec643a4d74274ddfece
536 silly fetchAndShaCheck shasum 8d3d88a93381715d80d66d08d9c55587d889f2ba
537 verbose addTmpTarball C:\Users\PROGRA~1\AppData\Local\Temp\npm-5700-42dcc9f9\registry.npmjs.org\gulp-clean-css\-\gulp-clean-css-2.3.2.tgz not in flight; adding
538 verbose addTmpTarball already have metadata; skipping unpack for gulp-clean-css@2.3.2
539 verbose correctMkdir C:\Users\Programming PC\AppData\Roaming\npm-cache correctMkdir not in flight; initializing
540 silly fetchAndShaCheck shasum 69a67914bbd13c562bff14f504a403796aa0daa9
541 silly cache afterAdd gulp-uglify@1.5.4
542 verbose afterAdd C:\Users\Programming PC\AppData\Roaming\npm-cache\gulp-uglify\1.5.4\package\package.json not in flight; writing
543 verbose correctMkdir C:\Users\Programming PC\AppData\Roaming\npm-cache correctMkdir not in flight; initializing
544 verbose afterAdd C:\Users\Programming PC\AppData\Roaming\npm-cache\xml2js\0.4.17\package\package.json written
545 silly fetchAndShaCheck shasum 5095a0bebe98733b0140bd08dd80ec030ddacdeb
546 verbose addTmpTarball C:\Users\PROGRA~1\AppData\Local\Temp\npm-5700-42dcc9f9\registry.npmjs.org\gulp-webserver\-\gulp-webserver-0.9.1.tgz not in flight; adding
547 verbose addTmpTarball already have metadata; skipping unpack for gulp-webserver@0.9.1
548 verbose correctMkdir C:\Users\Programming PC\AppData\Roaming\npm-cache correctMkdir not in flight; initializing
549 silly resolveWithNewModule yargs@3.32.0 checking installable status
550 silly cache add args [ 'yargs@^3.24.0', null ]
551 verbose cache add spec yargs@^3.24.0
552 silly cache add parsed spec Result {
552 silly cache add   raw: 'yargs@^3.24.0',
552 silly cache add   scope: null,
552 silly cache add   escapedName: 'yargs',
552 silly cache add   name: 'yargs',
552 silly cache add   rawSpec: '^3.24.0',
552 silly cache add   spec: '>=3.24.0 <4.0.0',
552 silly cache add   type: 'range' }
553 silly addNamed yargs@>=3.24.0 <4.0.0
554 verbose addNamed ">=3.24.0 <4.0.0" is a valid semver range for yargs
555 silly addNameRange { name: 'yargs', range: '>=3.24.0 <4.0.0', hasData: false }
556 silly mapToRegistry name yargs
557 silly mapToRegistry using default registry
558 silly mapToRegistry registry http://registry.npmjs.org/
559 silly mapToRegistry data Result {
559 silly mapToRegistry   raw: 'yargs',
559 silly mapToRegistry   scope: null,
559 silly mapToRegistry   escapedName: 'yargs',
559 silly mapToRegistry   name: 'yargs',
559 silly mapToRegistry   rawSpec: '',
559 silly mapToRegistry   spec: 'latest',
559 silly mapToRegistry   type: 'tag' }
560 silly mapToRegistry uri http://registry.npmjs.org/yargs
561 verbose addNameRange registry:http://registry.npmjs.org/yargs not in flight; fetching
562 verbose addTmpTarball C:\Users\PROGRA~1\AppData\Local\Temp\npm-5700-42dcc9f9\registry.npmjs.org\gulp-load-plugins\-\gulp-load-plugins-1.4.0.tgz not in flight; adding
563 verbose addTmpTarball already have metadata; skipping unpack for gulp-load-plugins@1.4.0
564 verbose correctMkdir C:\Users\Programming PC\AppData\Roaming\npm-cache correctMkdir not in flight; initializing
565 verbose addTmpTarball C:\Users\PROGRA~1\AppData\Local\Temp\npm-5700-42dcc9f9\registry.npmjs.org\gulp-task-listing\-\gulp-task-listing-1.0.1.tgz not in flight; adding
566 verbose addTmpTarball already have metadata; skipping unpack for gulp-task-listing@1.0.1
567 verbose correctMkdir C:\Users\Programming PC\AppData\Roaming\npm-cache correctMkdir not in flight; initializing
568 verbose addTmpTarball C:\Users\PROGRA~1\AppData\Local\Temp\npm-5700-42dcc9f9\registry.npmjs.org\gulp-replace\-\gulp-replace-0.5.4.tgz not in flight; adding
569 verbose addTmpTarball already have metadata; skipping unpack for gulp-replace@0.5.4
570 verbose correctMkdir C:\Users\Programming PC\AppData\Roaming\npm-cache correctMkdir not in flight; initializing
571 verbose addTmpTarball C:\Users\PROGRA~1\AppData\Local\Temp\npm-5700-42dcc9f9\registry.npmjs.org\run-sequence\-\run-sequence-1.2.2.tgz not in flight; adding
572 verbose addTmpTarball already have metadata; skipping unpack for run-sequence@1.2.2
573 verbose correctMkdir C:\Users\Programming PC\AppData\Roaming\npm-cache correctMkdir not in flight; initializing
574 verbose afterAdd C:\Users\Programming PC\AppData\Roaming\npm-cache\del\2.2.2\package\package.json written
575 verbose get http://registry.npmjs.org/yargs not expired, no request
576 silly addNameRange number 2 { name: 'yargs', range: '>=3.24.0 <4.0.0', hasData: true }
577 silly addNameRange versions [ 'yargs',
577 silly addNameRange   [ '1.0.0',
577 silly addNameRange     '1.0.1',
577 silly addNameRange     '1.0.3',
577 silly addNameRange     '1.0.4',
577 silly addNameRange     '1.0.5',
577 silly addNameRange     '1.0.6',
577 silly addNameRange     '1.0.7',
577 silly addNameRange     '1.0.8',
577 silly addNameRange     '1.0.9',
577 silly addNameRange     '1.0.10',
577 silly addNameRange     '1.0.11',
577 silly addNameRange     '1.0.12',
577 silly addNameRange     '1.0.13',
577 silly addNameRange     '1.0.15',
577 silly addNameRange     '1.1.0',
577 silly addNameRange     '1.1.1',
577 silly addNameRange     '1.1.2',
577 silly addNameRange     '1.1.3',
577 silly addNameRange     '1.2.0',
577 silly addNameRange     '1.2.1',
577 silly addNameRange     '1.2.2',
577 silly addNameRange     '1.2.3',
577 silly addNameRange     '1.2.4',
577 silly addNameRange     '1.2.5',
577 silly addNameRange     '1.2.6',
577 silly addNameRange     '1.3.0',
577 silly addNameRange     '1.3.1',
577 silly addNameRange     '1.3.2',
577 silly addNameRange     '1.3.3',
577 silly addNameRange     '2.1.1',
577 silly addNameRange     '2.3.0',
577 silly addNameRange     '3.0.0',
577 silly addNameRange     '3.0.1',
577 silly addNameRange     '3.0.2',
577 silly addNameRange     '3.0.3',
577 silly addNameRange     '3.0.4',
577 silly addNameRange     '3.1.0',
577 silly addNameRange     '3.2.1',
577 silly addNameRange     '3.3.1',
577 silly addNameRange     '3.4.0',
577 silly addNameRange     '3.4.4',
577 silly addNameRange     '3.4.5',
577 silly addNameRange     '3.5.0',
577 silly addNameRange     '3.5.1',
577 silly addNameRange     '3.5.2',
577 silly addNameRange     '3.5.3',
577 silly addNameRange     '3.5.4',
577 silly addNameRange     '3.6.0',
577 silly addNameRange     '3.7.0',
577 silly addNameRange     '3.7.1',
577 silly addNameRange     '3.7.2',
577 silly addNameRange     '3.8.0',
577 silly addNameRange     '3.9.0',
577 silly addNameRange     '3.9.1',
577 silly addNameRange     '3.10.0',
577 silly addNameRange     '3.11.0',
577 silly addNameRange     '3.12.0',
577 silly addNameRange     '3.13.0',
577 silly addNameRange     '3.14.0',
577 silly addNameRange     '3.15.0',
577 silly addNameRange     '3.16.0',
577 silly addNameRange     '3.16.1',
577 silly addNameRange     '3.17.1',
577 silly addNameRange     '3.18.0',
577 silly addNameRange     '3.18.1',
577 silly addNameRange     '3.19.0',
577 silly addNameRange     '3.20.0',
577 silly addNameRange     '3.21.0',
577 silly addNameRange     '3.21.1',
577 silly addNameRange     '3.22.0',
577 silly addNameRange     '3.22.1',
577 silly addNameRange     '3.22.2',
577 silly addNameRange     '3.23.0',
577 silly addNameRange     '3.24.0',
577 silly addNameRange     '3.25.0',
577 silly addNameRange     '3.26.0',
577 silly addNameRange     '3.27.0',
577 silly addNameRange     '3.28.0',
577 silly addNameRange     '3.29.0',
577 silly addNameRange     '3.30.0',
577 silly addNameRange     '3.31.0',
577 silly addNameRange     '3.32.0',
577 silly addNameRange     '4.0.0-alpha1',
577 silly addNameRange     '4.0.0-alpha2',
577 silly addNameRange     '4.0.0-alpha3',
577 silly addNameRange     '4.0.0-alpha4',
577 silly addNameRange     '4.0.0-alpha5',
577 silly addNameRange     '4.0.0',
577 silly addNameRange     '4.1.0',
577 silly addNameRange     '4.2.0',
577 silly addNameRange     '4.3.0',
577 silly addNameRange     '4.3.1',
577 silly addNameRange     '4.3.2',
577 silly addNameRange     '4.4.0',
577 silly addNameRange     '4.5.0',
577 silly addNameRange     '4.6.0-candidate',
577 silly addNameRange     '4.6.0',
577 silly addNameRange     '4.7.0-pre',
577 silly addNameRange     '4.7.0',
577 silly addNameRange     '4.7.1',
577 silly addNameRange     ... 26 more items ] ]
578 silly addNamed yargs@3.32.0
579 verbose addNamed "3.32.0" is a plain semver version for yargs
580 silly cache afterAdd gulp@3.9.1
581 verbose afterAdd C:\Users\Programming PC\AppData\Roaming\npm-cache\gulp\3.9.1\package\package.json not in flight; writing
582 verbose correctMkdir C:\Users\Programming PC\AppData\Roaming\npm-cache correctMkdir not in flight; initializing
583 verbose afterAdd C:\Users\Programming PC\AppData\Roaming\npm-cache\gulp-uglify\1.5.4\package\package.json written
584 silly cache afterAdd gulp-clean-css@2.3.2
585 verbose afterAdd C:\Users\Programming PC\AppData\Roaming\npm-cache\gulp-clean-css\2.3.2\package\package.json not in flight; writing
586 verbose correctMkdir C:\Users\Programming PC\AppData\Roaming\npm-cache correctMkdir not in flight; initializing
587 silly cache afterAdd gulp-webserver@0.9.1
588 verbose afterAdd C:\Users\Programming PC\AppData\Roaming\npm-cache\gulp-webserver\0.9.1\package\package.json not in flight; writing
589 verbose correctMkdir C:\Users\Programming PC\AppData\Roaming\npm-cache correctMkdir not in flight; initializing
590 silly cache afterAdd gulp-load-plugins@1.4.0
591 verbose afterAdd C:\Users\Programming PC\AppData\Roaming\npm-cache\gulp-load-plugins\1.4.0\package\package.json not in flight; writing
592 verbose correctMkdir C:\Users\Programming PC\AppData\Roaming\npm-cache correctMkdir not in flight; initializing
593 verbose afterAdd C:\Users\Programming PC\AppData\Roaming\npm-cache\gulp\3.9.1\package\package.json written
594 silly cache afterAdd gulp-task-listing@1.0.1
595 verbose afterAdd C:\Users\Programming PC\AppData\Roaming\npm-cache\gulp-task-listing\1.0.1\package\package.json not in flight; writing
596 verbose correctMkdir C:\Users\Programming PC\AppData\Roaming\npm-cache correctMkdir not in flight; initializing
597 silly cache afterAdd run-sequence@1.2.2
598 verbose afterAdd C:\Users\Programming PC\AppData\Roaming\npm-cache\run-sequence\1.2.2\package\package.json not in flight; writing
599 verbose correctMkdir C:\Users\Programming PC\AppData\Roaming\npm-cache correctMkdir not in flight; initializing
600 silly cache afterAdd gulp-replace@0.5.4
601 verbose afterAdd C:\Users\Programming PC\AppData\Roaming\npm-cache\gulp-replace\0.5.4\package\package.json not in flight; writing
602 verbose correctMkdir C:\Users\Programming PC\AppData\Roaming\npm-cache correctMkdir not in flight; initializing
603 silly cache afterAdd yargs@3.32.0
604 verbose afterAdd C:\Users\Programming PC\AppData\Roaming\npm-cache\yargs\3.32.0\package\package.json not in flight; writing
605 verbose correctMkdir C:\Users\Programming PC\AppData\Roaming\npm-cache correctMkdir not in flight; initializing
606 verbose afterAdd C:\Users\Programming PC\AppData\Roaming\npm-cache\gulp-clean-css\2.3.2\package\package.json written
607 verbose afterAdd C:\Users\Programming PC\AppData\Roaming\npm-cache\gulp-webserver\0.9.1\package\package.json written
608 verbose afterAdd C:\Users\Programming PC\AppData\Roaming\npm-cache\gulp-load-plugins\1.4.0\package\package.json written
609 verbose afterAdd C:\Users\Programming PC\AppData\Roaming\npm-cache\gulp-task-listing\1.0.1\package\package.json written
610 verbose afterAdd C:\Users\Programming PC\AppData\Roaming\npm-cache\run-sequence\1.2.2\package\package.json written
611 verbose afterAdd C:\Users\Programming PC\AppData\Roaming\npm-cache\gulp-replace\0.5.4\package\package.json written
612 verbose afterAdd C:\Users\Programming PC\AppData\Roaming\npm-cache\yargs\3.32.0\package\package.json written
613 info git [ 'clone',
613 info git   '--template=C:\\Users\\Programming PC\\AppData\\Roaming\\npm-cache\\_git-remotes\\_templates',
613 info git   '--mirror',
613 info git   'https://github.com/kripken/xml.js.git',
613 info git   'C:\\Users\\Programming PC\\AppData\\Roaming\\npm-cache\\_git-remotes\\git-https-github-com-kripken-xml-js-git-1dc4d0a4' ]
614 verbose mirrorRemote git+https://github.com/kripken/xml.js.git git clone https://github.com/kripken/xml.js.git
615 verbose setPermissions git+https://github.com/kripken/xml.js.git skipping chownr on Windows
616 verbose resolveHead git+https://github.com/kripken/xml.js.git original treeish: master
617 info git [ 'rev-list', '-n1', 'master' ]
618 silly resolveHead git+https://github.com/kripken/xml.js.git resolved treeish: d710101c4b051f007af43080a835457f4cf8fc5e
619 verbose resolveHead git+https://github.com/kripken/xml.js.git resolved Git URL: git+https://github.com/kripken/xml.js.git#d710101c4b051f007af43080a835457f4cf8fc5e
620 silly resolveHead Git working directory: C:\Users\PROGRA~1\AppData\Local\Temp\npm-5700-42dcc9f9\git-cache-5f26c9e9\d710101c4b051f007af43080a835457f4cf8fc5e
621 info git [ 'clone',
621 info git   'C:\\Users\\Programming PC\\AppData\\Roaming\\npm-cache\\_git-remotes\\git-https-github-com-kripken-xml-js-git-1dc4d0a4',
621 info git   'C:\\Users\\PROGRA~1\\AppData\\Local\\Temp\\npm-5700-42dcc9f9\\git-cache-5f26c9e9\\d710101c4b051f007af43080a835457f4cf8fc5e' ]
622 verbose cloneResolved git+https://github.com/kripken/xml.js.git clone Cloning into 'C:\Users\PROGRA~1\AppData\Local\Temp\npm-5700-42dcc9f9\git-cache-5f26c9e9\d710101c4b051f007af43080a835457f4cf8fc5e'...
622 verbose cloneResolved done.
623 info git [ 'checkout', 'd710101c4b051f007af43080a835457f4cf8fc5e' ]
624 verbose checkoutTreeish git+https://github.com/kripken/xml.js.git checkout Note: checking out 'd710101c4b051f007af43080a835457f4cf8fc5e'.
624 verbose checkoutTreeish
624 verbose checkoutTreeish You are in 'detached HEAD' state. You can look around, make experimental
624 verbose checkoutTreeish changes and commit them, and you can discard any commits you make in this
624 verbose checkoutTreeish state without impacting any branches by performing another checkout.
624 verbose checkoutTreeish
624 verbose checkoutTreeish If you want to create a new branch to retain commits you create, you may
624 verbose checkoutTreeish do so (now or later) by using -b with the checkout command again. Example:
624 verbose checkoutTreeish
624 verbose checkoutTreeish   git checkout -b <new-branch-name>
624 verbose checkoutTreeish
624 verbose checkoutTreeish HEAD is now at d710101... 0.1.1
625 info git [ 'submodule', '-q', 'update', '--init', '--recursive' ]
626 error git submodule -q update --init --recursive: fatal: unable to connect to git.gnome.org:
626 error git submodule -q update --init --recursive: git.gnome.org[0: 209.132.180.184]: errno=Invalid argument
626 error git submodule -q update --init --recursive:
626 error git submodule -q update --init --recursive: fatal: clone of 'git://git.gnome.org/libxml2' into submodule path 'C:/Users/Programming PC/AppData/Local/Temp/npm-5700-42dcc9f9/git-cache-5f26c9e9/d710101c4b051f007af43080a835457f4cf8fc5e/libxml2' failed
626 error git submodule -q update --init --recursive: Failed to clone 'libxml2'. Retry scheduled
626 error git submodule -q update --init --recursive: fatal: unable to connect to git.gnome.org:
626 error git submodule -q update --init --recursive: git.gnome.org[0: 209.132.180.184]: errno=Invalid argument
626 error git submodule -q update --init --recursive:
626 error git submodule -q update --init --recursive: fatal: clone of 'git://git.gnome.org/libxml2' into submodule path 'C:/Users/Programming PC/AppData/Local/Temp/npm-5700-42dcc9f9/git-cache-5f26c9e9/d710101c4b051f007af43080a835457f4cf8fc5e/libxml2' failed
626 error git submodule -q update --init --recursive: Failed to clone 'libxml2' a second time, aborting
627 silly fetchPackageMetaData Error: Command failed: git -c core.longpaths=true submodule -q update --init --recursive
627 silly fetchPackageMetaData fatal: unable to connect to git.gnome.org:
627 silly fetchPackageMetaData git.gnome.org[0: 209.132.180.184]: errno=Invalid argument
627 silly fetchPackageMetaData
627 silly fetchPackageMetaData fatal: clone of 'git://git.gnome.org/libxml2' into submodule path 'C:/Users/Programming PC/AppData/Local/Temp/npm-5700-42dcc9f9/git-cache-5f26c9e9/d710101c4b051f007af43080a835457f4cf8fc5e/libxml2' failed
627 silly fetchPackageMetaData Failed to clone 'libxml2'. Retry scheduled
627 silly fetchPackageMetaData fatal: unable to connect to git.gnome.org:
627 silly fetchPackageMetaData git.gnome.org[0: 209.132.180.184]: errno=Invalid argument
627 silly fetchPackageMetaData
627 silly fetchPackageMetaData fatal: clone of 'git://git.gnome.org/libxml2' into submodule path 'C:/Users/Programming PC/AppData/Local/Temp/npm-5700-42dcc9f9/git-cache-5f26c9e9/d710101c4b051f007af43080a835457f4cf8fc5e/libxml2' failed
627 silly fetchPackageMetaData Failed to clone 'libxml2' a second time, aborting
627 silly fetchPackageMetaData
627 silly fetchPackageMetaData     at ChildProcess.exithandler (child_process.js:211:12)
627 silly fetchPackageMetaData     at emitTwo (events.js:106:13)
627 silly fetchPackageMetaData     at ChildProcess.emit (events.js:191:7)
627 silly fetchPackageMetaData     at maybeClose (internal/child_process.js:885:16)
627 silly fetchPackageMetaData     at Process.ChildProcess._handle.onexit (internal/child_process.js:226:5)
627 silly fetchPackageMetaData  error for xmllint@git+https://github.com/kripken/xml.js.git { Error: Command failed: git -c core.longpaths=true submodule -q update --init --recursive
627 silly fetchPackageMetaData fatal: unable to connect to git.gnome.org:
627 silly fetchPackageMetaData git.gnome.org[0: 209.132.180.184]: errno=Invalid argument
627 silly fetchPackageMetaData
627 silly fetchPackageMetaData fatal: clone of 'git://git.gnome.org/libxml2' into submodule path 'C:/Users/Programming PC/AppData/Local/Temp/npm-5700-42dcc9f9/git-cache-5f26c9e9/d710101c4b051f007af43080a835457f4cf8fc5e/libxml2' failed
627 silly fetchPackageMetaData Failed to clone 'libxml2'. Retry scheduled
627 silly fetchPackageMetaData fatal: unable to connect to git.gnome.org:
627 silly fetchPackageMetaData git.gnome.org[0: 209.132.180.184]: errno=Invalid argument
627 silly fetchPackageMetaData
627 silly fetchPackageMetaData fatal: clone of 'git://git.gnome.org/libxml2' into submodule path 'C:/Users/Programming PC/AppData/Local/Temp/npm-5700-42dcc9f9/git-cache-5f26c9e9/d710101c4b051f007af43080a835457f4cf8fc5e/libxml2' failed
627 silly fetchPackageMetaData Failed to clone 'libxml2' a second time, aborting
627 silly fetchPackageMetaData
627 silly fetchPackageMetaData     at ChildProcess.exithandler (child_process.js:211:12)
627 silly fetchPackageMetaData     at emitTwo (events.js:106:13)
627 silly fetchPackageMetaData     at ChildProcess.emit (events.js:191:7)
627 silly fetchPackageMetaData     at maybeClose (internal/child_process.js:885:16)
627 silly fetchPackageMetaData     at Process.ChildProcess._handle.onexit (internal/child_process.js:226:5)
627 silly fetchPackageMetaData   killed: false,
627 silly fetchPackageMetaData   code: 1,
627 silly fetchPackageMetaData   signal: null,
627 silly fetchPackageMetaData   cmd: 'git -c core.longpaths=true submodule -q update --init --recursive' }
628 silly rollbackFailedOptional Starting
629 silly rollbackFailedOptional Finishing
630 silly runTopLevelLifecycles Finishing
631 silly install printInstalled
632 verbose stack Error: Command failed: git -c core.longpaths=true submodule -q update --init --recursive
632 verbose stack fatal: unable to connect to git.gnome.org:
632 verbose stack git.gnome.org[0: 209.132.180.184]: errno=Invalid argument
632 verbose stack
632 verbose stack fatal: clone of 'git://git.gnome.org/libxml2' into submodule path 'C:/Users/Programming PC/AppData/Local/Temp/npm-5700-42dcc9f9/git-cache-5f26c9e9/d710101c4b051f007af43080a835457f4cf8fc5e/libxml2' failed
632 verbose stack Failed to clone 'libxml2'. Retry scheduled
632 verbose stack fatal: unable to connect to git.gnome.org:
632 verbose stack git.gnome.org[0: 209.132.180.184]: errno=Invalid argument
632 verbose stack
632 verbose stack fatal: clone of 'git://git.gnome.org/libxml2' into submodule path 'C:/Users/Programming PC/AppData/Local/Temp/npm-5700-42dcc9f9/git-cache-5f26c9e9/d710101c4b051f007af43080a835457f4cf8fc5e/libxml2' failed
632 verbose stack Failed to clone 'libxml2' a second time, aborting
632 verbose stack
632 verbose stack     at ChildProcess.exithandler (child_process.js:211:12)
632 verbose stack     at emitTwo (events.js:106:13)
632 verbose stack     at ChildProcess.emit (events.js:191:7)
632 verbose stack     at maybeClose (internal/child_process.js:885:16)
632 verbose stack     at Process.ChildProcess._handle.onexit (internal/child_process.js:226:5)
633 verbose cwd C:\Users\Programming PC\Documents\GitHub\HackProductivity-2017
634 error Windows_NT 10.0.14393
635 error argv "C:\\Program Files\\nodejs\\node.exe" "C:\\Program Files\\nodejs\\node_modules\\npm\\bin\\npm-cli.js" "install"
636 error node v7.3.0
637 error npm  v3.10.10
638 error code 1
639 error Command failed: git -c core.longpaths=true submodule -q update --init --recursive
639 error fatal: unable to connect to git.gnome.org:
639 error git.gnome.org[0: 209.132.180.184]: errno=Invalid argument
639 error
639 error fatal: clone of 'git://git.gnome.org/libxml2' into submodule path 'C:/Users/Programming PC/AppData/Local/Temp/npm-5700-42dcc9f9/git-cache-5f26c9e9/d710101c4b051f007af43080a835457f4cf8fc5e/libxml2' failed
639 error Failed to clone 'libxml2'. Retry scheduled
639 error fatal: unable to connect to git.gnome.org:
639 error git.gnome.org[0: 209.132.180.184]: errno=Invalid argument
639 error
639 error fatal: clone of 'git://git.gnome.org/libxml2' into submodule path 'C:/Users/Programming PC/AppData/Local/Temp/npm-5700-42dcc9f9/git-cache-5f26c9e9/d710101c4b051f007af43080a835457f4cf8fc5e/libxml2' failed
639 error Failed to clone 'libxml2' a second time, aborting
640 error If you need help, you may report this error at:
640 error     <https://github.com/npm/npm/issues>
641 verbose exit [ 1, true ]
